<?xml version="1.0" encoding="UTF-8" standalone="no"?>
<!DOCTYPE report PUBLIC "-//JACOCO//DTD Report 1.1//EN" "report.dtd"[]>
<report name="Pester (03/18/2026 08:24:30)">
  <sessioninfo id="this" start="1773822220144" dump="1773822270001" />
  <package name="module">
    <class name="module/MatterMostV4" sourcefilename="MatterMostV4.psm1">
      <method name="&lt;script&gt;" desc="()" line="1">
        <counter type="INSTRUCTION" missed="2" covered="14" />
        <counter type="LINE" missed="1" covered="11" />
        <counter type="METHOD" missed="0" covered="1" />
      </method>
      <counter type="INSTRUCTION" missed="2" covered="14" />
      <counter type="LINE" missed="1" covered="11" />
      <counter type="METHOD" missed="0" covered="1" />
      <counter type="CLASS" missed="0" covered="1" />
    </class>
    <sourcefile name="MatterMostV4.psm1">
      <line nr="1" mi="0" ci="1" mb="0" cb="0" />
      <line nr="2" mi="0" ci="1" mb="0" cb="0" />
      <line nr="5" mi="0" ci="1" mb="0" cb="0" />
      <line nr="6" mi="0" ci="1" mb="0" cb="0" />
      <line nr="7" mi="0" ci="2" mb="0" cb="0" />
      <line nr="8" mi="0" ci="1" mb="0" cb="0" />
      <line nr="12" mi="0" ci="2" mb="0" cb="0" />
      <line nr="13" mi="0" ci="1" mb="0" cb="0" />
      <line nr="14" mi="0" ci="1" mb="0" cb="0" />
      <line nr="15" mi="0" ci="2" mb="0" cb="0" />
      <line nr="17" mi="0" ci="1" mb="0" cb="0" />
      <line nr="20" mi="2" ci="0" mb="0" cb="0" />
      <counter type="INSTRUCTION" missed="2" covered="14" />
      <counter type="LINE" missed="1" covered="11" />
      <counter type="METHOD" missed="0" covered="1" />
      <counter type="CLASS" missed="0" covered="1" />
    </sourcefile>
    <counter type="INSTRUCTION" missed="2" covered="14" />
    <counter type="LINE" missed="1" covered="11" />
    <counter type="METHOD" missed="0" covered="1" />
    <counter type="CLASS" missed="0" covered="1" />
  </package>
  <package name="module/Private">
    <class name="module/Private/ConvertTo-MMBot" sourcefilename="Private/ConvertTo-MMBot.ps1">
      <method name="ConvertTo-MMBot" desc="()" line="15">
        <counter type="INSTRUCTION" missed="1" covered="7" />
        <counter type="LINE" missed="1" covered="6" />
        <counter type="METHOD" missed="0" covered="1" />
      </method>
      <counter type="INSTRUCTION" missed="1" covered="7" />
      <counter type="LINE" missed="1" covered="6" />
      <counter type="METHOD" missed="0" covered="1" />
      <counter type="CLASS" missed="0" covered="1" />
    </class>
    <class name="module/Private/ConvertTo-MMChannel" sourcefilename="Private/ConvertTo-MMChannel.ps1">
      <method name="ConvertTo-MMChannel" desc="()" line="15">
        <counter type="INSTRUCTION" missed="0" covered="8" />
        <counter type="LINE" missed="0" covered="7" />
        <counter type="METHOD" missed="0" covered="1" />
      </method>
      <counter type="INSTRUCTION" missed="0" covered="8" />
      <counter type="LINE" missed="0" covered="7" />
      <counter type="METHOD" missed="0" covered="1" />
      <counter type="CLASS" missed="0" covered="1" />
    </class>
    <class name="module/Private/ConvertTo-MMChannelMember" sourcefilename="Private/ConvertTo-MMChannelMember.ps1">
      <method name="ConvertTo-MMChannelMember" desc="()" line="16">
        <counter type="INSTRUCTION" missed="0" covered="9" />
        <counter type="LINE" missed="0" covered="7" />
        <counter type="METHOD" missed="0" covered="1" />
      </method>
      <counter type="INSTRUCTION" missed="0" covered="9" />
      <counter type="LINE" missed="0" covered="7" />
      <counter type="METHOD" missed="0" covered="1" />
      <counter type="CLASS" missed="0" covered="1" />
    </class>
    <class name="module/Private/ConvertTo-MMEmoji" sourcefilename="Private/ConvertTo-MMEmoji.ps1">
      <method name="ConvertTo-MMEmoji" desc="()" line="15">
        <counter type="INSTRUCTION" missed="1" covered="7" />
        <counter type="LINE" missed="1" covered="6" />
        <counter type="METHOD" missed="0" covered="1" />
      </method>
      <counter type="INSTRUCTION" missed="1" covered="7" />
      <counter type="LINE" missed="1" covered="6" />
      <counter type="METHOD" missed="0" covered="1" />
      <counter type="CLASS" missed="0" covered="1" />
    </class>
    <class name="module/Private/ConvertTo-MMFile" sourcefilename="Private/ConvertTo-MMFile.ps1">
      <method name="ConvertTo-MMFile" desc="()" line="15">
        <counter type="INSTRUCTION" missed="0" covered="8" />
        <counter type="LINE" missed="0" covered="7" />
        <counter type="METHOD" missed="0" covered="1" />
      </method>
      <counter type="INSTRUCTION" missed="0" covered="8" />
      <counter type="LINE" missed="0" covered="7" />
      <counter type="METHOD" missed="0" covered="1" />
      <counter type="CLASS" missed="0" covered="1" />
    </class>
    <class name="module/Private/ConvertTo-MMIncomingWebhook" sourcefilename="Private/ConvertTo-MMIncomingWebhook.ps1">
      <method name="ConvertTo-MMIncomingWebhook" desc="()" line="15">
        <counter type="INSTRUCTION" missed="0" covered="8" />
        <counter type="LINE" missed="0" covered="7" />
        <counter type="METHOD" missed="0" covered="1" />
      </method>
      <counter type="INSTRUCTION" missed="0" covered="8" />
      <counter type="LINE" missed="0" covered="7" />
      <counter type="METHOD" missed="0" covered="1" />
      <counter type="CLASS" missed="0" covered="1" />
    </class>
    <class name="module/Private/ConvertTo-MMOutgoingWebhook" sourcefilename="Private/ConvertTo-MMOutgoingWebhook.ps1">
      <method name="ConvertTo-MMOutgoingWebhook" desc="()" line="15">
        <counter type="INSTRUCTION" missed="0" covered="8" />
        <counter type="LINE" missed="0" covered="7" />
        <counter type="METHOD" missed="0" covered="1" />
      </method>
      <counter type="INSTRUCTION" missed="0" covered="8" />
      <counter type="LINE" missed="0" covered="7" />
      <counter type="METHOD" missed="0" covered="1" />
      <counter type="CLASS" missed="0" covered="1" />
    </class>
    <class name="module/Private/ConvertTo-MMPost" sourcefilename="Private/ConvertTo-MMPost.ps1">
      <method name="ConvertTo-MMPost" desc="()" line="15">
        <counter type="INSTRUCTION" missed="0" covered="8" />
        <counter type="LINE" missed="0" covered="7" />
        <counter type="METHOD" missed="0" covered="1" />
      </method>
      <counter type="INSTRUCTION" missed="0" covered="8" />
      <counter type="LINE" missed="0" covered="7" />
      <counter type="METHOD" missed="0" covered="1" />
      <counter type="CLASS" missed="0" covered="1" />
    </class>
    <class name="module/Private/ConvertTo-MMRole" sourcefilename="Private/ConvertTo-MMRole.ps1">
      <method name="ConvertTo-MMRole" desc="()" line="15">
        <counter type="INSTRUCTION" missed="0" covered="8" />
        <counter type="LINE" missed="0" covered="7" />
        <counter type="METHOD" missed="0" covered="1" />
      </method>
      <counter type="INSTRUCTION" missed="0" covered="8" />
      <counter type="LINE" missed="0" covered="7" />
      <counter type="METHOD" missed="0" covered="1" />
      <counter type="CLASS" missed="0" covered="1" />
    </class>
    <class name="module/Private/ConvertTo-MMSession" sourcefilename="Private/ConvertTo-MMSession.ps1">
      <method name="ConvertTo-MMSession" desc="()" line="15">
        <counter type="INSTRUCTION" missed="0" covered="8" />
        <counter type="LINE" missed="0" covered="7" />
        <counter type="METHOD" missed="0" covered="1" />
      </method>
      <counter type="INSTRUCTION" missed="0" covered="8" />
      <counter type="LINE" missed="0" covered="7" />
      <counter type="METHOD" missed="0" covered="1" />
      <counter type="CLASS" missed="0" covered="1" />
    </class>
    <class name="module/Private/ConvertTo-MMTeam" sourcefilename="Private/ConvertTo-MMTeam.ps1">
      <method name="ConvertTo-MMTeam" desc="()" line="15">
        <counter type="INSTRUCTION" missed="0" covered="8" />
        <counter type="LINE" missed="0" covered="7" />
        <counter type="METHOD" missed="0" covered="1" />
      </method>
      <counter type="INSTRUCTION" missed="0" covered="8" />
      <counter type="LINE" missed="0" covered="7" />
      <counter type="METHOD" missed="0" covered="1" />
      <counter type="CLASS" missed="0" covered="1" />
    </class>
    <class name="module/Private/ConvertTo-MMTeamMember" sourcefilename="Private/ConvertTo-MMTeamMember.ps1">
      <method name="ConvertTo-MMTeamMember" desc="()" line="16">
        <counter type="INSTRUCTION" missed="0" covered="9" />
        <counter type="LINE" missed="0" covered="7" />
        <counter type="METHOD" missed="0" covered="1" />
      </method>
      <counter type="INSTRUCTION" missed="0" covered="9" />
      <counter type="LINE" missed="0" covered="7" />
      <counter type="METHOD" missed="0" covered="1" />
      <counter type="CLASS" missed="0" covered="1" />
    </class>
    <class name="module/Private/ConvertTo-MMUser" sourcefilename="Private/ConvertTo-MMUser.ps1">
      <method name="ConvertTo-MMUser" desc="()" line="15">
        <counter type="INSTRUCTION" missed="0" covered="8" />
        <counter type="LINE" missed="0" covered="7" />
        <counter type="METHOD" missed="0" covered="1" />
      </method>
      <counter type="INSTRUCTION" missed="0" covered="8" />
      <counter type="LINE" missed="0" covered="7" />
      <counter type="METHOD" missed="0" covered="1" />
      <counter type="CLASS" missed="0" covered="1" />
    </class>
    <class name="module/Private/ConvertTo-MMUserStatus" sourcefilename="Private/ConvertTo-MMUserStatus.ps1">
      <method name="ConvertTo-MMUserStatus" desc="()" line="15">
        <counter type="INSTRUCTION" missed="0" covered="8" />
        <counter type="LINE" missed="0" covered="7" />
        <counter type="METHOD" missed="0" covered="1" />
      </method>
      <counter type="INSTRUCTION" missed="0" covered="8" />
      <counter type="LINE" missed="0" covered="7" />
      <counter type="METHOD" missed="0" covered="1" />
      <counter type="CLASS" missed="0" covered="1" />
    </class>
    <class name="module/Private/ConvertTo-MMUserToken" sourcefilename="Private/ConvertTo-MMUserToken.ps1">
      <method name="ConvertTo-MMUserToken" desc="()" line="15">
        <counter type="INSTRUCTION" missed="1" covered="7" />
        <counter type="LINE" missed="1" covered="6" />
        <counter type="METHOD" missed="0" covered="1" />
      </method>
      <counter type="INSTRUCTION" missed="1" covered="7" />
      <counter type="LINE" missed="1" covered="6" />
      <counter type="METHOD" missed="0" covered="1" />
      <counter type="CLASS" missed="0" covered="1" />
    </class>
    <class name="module/Private/Get-MMDefaultTeamId" sourcefilename="Private/Get-MMDefaultTeamId.ps1">
      <method name="Get-MMDefaultTeamId" desc="()" line="8">
        <counter type="INSTRUCTION" missed="1" covered="4" />
        <counter type="LINE" missed="1" covered="4" />
        <counter type="METHOD" missed="0" covered="1" />
      </method>
      <counter type="INSTRUCTION" missed="1" covered="4" />
      <counter type="LINE" missed="1" covered="4" />
      <counter type="METHOD" missed="0" covered="1" />
      <counter type="CLASS" missed="0" covered="1" />
    </class>
    <class name="module/Private/Get-MMErrorMessage" sourcefilename="Private/Get-MMErrorMessage.ps1">
      <method name="Get-MMErrorMessage" desc="()" line="13">
        <counter type="INSTRUCTION" missed="0" covered="7" />
        <counter type="LINE" missed="0" covered="5" />
        <counter type="METHOD" missed="0" covered="1" />
      </method>
      <counter type="INSTRUCTION" missed="0" covered="7" />
      <counter type="LINE" missed="0" covered="5" />
      <counter type="METHOD" missed="0" covered="1" />
      <counter type="CLASS" missed="0" covered="1" />
    </class>
    <class name="module/Private/Invoke-MMFileUpload" sourcefilename="Private/Invoke-MMFileUpload.ps1">
      <method name="Invoke-MMFileUpload" desc="()" line="16">
        <counter type="INSTRUCTION" missed="1" covered="29" />
        <counter type="LINE" missed="1" covered="22" />
        <counter type="METHOD" missed="0" covered="1" />
      </method>
      <counter type="INSTRUCTION" missed="1" covered="29" />
      <counter type="LINE" missed="1" covered="22" />
      <counter type="METHOD" missed="0" covered="1" />
      <counter type="CLASS" missed="0" covered="1" />
    </class>
    <class name="module/Private/Invoke-MMRequest" sourcefilename="Private/Invoke-MMRequest.ps1">
      <method name="Invoke-MMRequest" desc="()" line="20">
        <counter type="INSTRUCTION" missed="1" covered="21" />
        <counter type="LINE" missed="1" covered="16" />
        <counter type="METHOD" missed="0" covered="1" />
      </method>
      <counter type="INSTRUCTION" missed="1" covered="21" />
      <counter type="LINE" missed="1" covered="16" />
      <counter type="METHOD" missed="0" covered="1" />
      <counter type="CLASS" missed="0" covered="1" />
    </class>
    <sourcefile name="Private/ConvertTo-MMBot.ps1">
      <line nr="15" mi="0" ci="1" mb="0" cb="0" />
      <line nr="17" mi="0" ci="1" mb="0" cb="0" />
      <line nr="18" mi="0" ci="1" mb="0" cb="0" />
      <line nr="19" mi="0" ci="1" mb="0" cb="0" />
      <line nr="20" mi="0" ci="2" mb="0" cb="0" />
      <line nr="22" mi="1" ci="0" mb="0" cb="0" />
      <line nr="25" mi="0" ci="1" mb="0" cb="0" />
      <counter type="INSTRUCTION" missed="1" covered="7" />
      <counter type="LINE" missed="1" covered="6" />
      <counter type="METHOD" missed="0" covered="1" />
      <counter type="CLASS" missed="0" covered="1" />
    </sourcefile>
    <sourcefile name="Private/ConvertTo-MMChannel.ps1">
      <line nr="15" mi="0" ci="1" mb="0" cb="0" />
      <line nr="17" mi="0" ci="1" mb="0" cb="0" />
      <line nr="18" mi="0" ci="1" mb="0" cb="0" />
      <line nr="19" mi="0" ci="1" mb="0" cb="0" />
      <line nr="20" mi="0" ci="2" mb="0" cb="0" />
      <line nr="22" mi="0" ci="1" mb="0" cb="0" />
      <line nr="25" mi="0" ci="1" mb="0" cb="0" />
      <counter type="INSTRUCTION" missed="0" covered="8" />
      <counter type="LINE" missed="0" covered="7" />
      <counter type="METHOD" missed="0" covered="1" />
      <counter type="CLASS" missed="0" covered="1" />
    </sourcefile>
    <sourcefile name="Private/ConvertTo-MMChannelMember.ps1">
      <line nr="16" mi="0" ci="2" mb="0" cb="0" />
      <line nr="19" mi="0" ci="1" mb="0" cb="0" />
      <line nr="20" mi="0" ci="1" mb="0" cb="0" />
      <line nr="21" mi="0" ci="1" mb="0" cb="0" />
      <line nr="22" mi="0" ci="2" mb="0" cb="0" />
      <line nr="24" mi="0" ci="1" mb="0" cb="0" />
      <line nr="27" mi="0" ci="1" mb="0" cb="0" />
      <counter type="INSTRUCTION" missed="0" covered="9" />
      <counter type="LINE" missed="0" covered="7" />
      <counter type="METHOD" missed="0" covered="1" />
      <counter type="CLASS" missed="0" covered="1" />
    </sourcefile>
    <sourcefile name="Private/ConvertTo-MMEmoji.ps1">
      <line nr="15" mi="0" ci="1" mb="0" cb="0" />
      <line nr="17" mi="0" ci="1" mb="0" cb="0" />
      <line nr="18" mi="0" ci="1" mb="0" cb="0" />
      <line nr="19" mi="0" ci="1" mb="0" cb="0" />
      <line nr="20" mi="0" ci="2" mb="0" cb="0" />
      <line nr="22" mi="1" ci="0" mb="0" cb="0" />
      <line nr="25" mi="0" ci="1" mb="0" cb="0" />
      <counter type="INSTRUCTION" missed="1" covered="7" />
      <counter type="LINE" missed="1" covered="6" />
      <counter type="METHOD" missed="0" covered="1" />
      <counter type="CLASS" missed="0" covered="1" />
    </sourcefile>
    <sourcefile name="Private/ConvertTo-MMFile.ps1">
      <line nr="15" mi="0" ci="1" mb="0" cb="0" />
      <line nr="17" mi="0" ci="1" mb="0" cb="0" />
      <line nr="18" mi="0" ci="1" mb="0" cb="0" />
      <line nr="19" mi="0" ci="1" mb="0" cb="0" />
      <line nr="20" mi="0" ci="2" mb="0" cb="0" />
      <line nr="22" mi="0" ci="1" mb="0" cb="0" />
      <line nr="25" mi="0" ci="1" mb="0" cb="0" />
      <counter type="INSTRUCTION" missed="0" covered="8" />
      <counter type="LINE" missed="0" covered="7" />
      <counter type="METHOD" missed="0" covered="1" />
      <counter type="CLASS" missed="0" covered="1" />
    </sourcefile>
    <sourcefile name="Private/ConvertTo-MMIncomingWebhook.ps1">
      <line nr="15" mi="0" ci="1" mb="0" cb="0" />
      <line nr="17" mi="0" ci="1" mb="0" cb="0" />
      <line nr="18" mi="0" ci="1" mb="0" cb="0" />
      <line nr="19" mi="0" ci="1" mb="0" cb="0" />
      <line nr="20" mi="0" ci="2" mb="0" cb="0" />
      <line nr="22" mi="0" ci="1" mb="0" cb="0" />
      <line nr="25" mi="0" ci="1" mb="0" cb="0" />
      <counter type="INSTRUCTION" missed="0" covered="8" />
      <counter type="LINE" missed="0" covered="7" />
      <counter type="METHOD" missed="0" covered="1" />
      <counter type="CLASS" missed="0" covered="1" />
    </sourcefile>
    <sourcefile name="Private/ConvertTo-MMOutgoingWebhook.ps1">
      <line nr="15" mi="0" ci="1" mb="0" cb="0" />
      <line nr="17" mi="0" ci="1" mb="0" cb="0" />
      <line nr="18" mi="0" ci="1" mb="0" cb="0" />
      <line nr="19" mi="0" ci="1" mb="0" cb="0" />
      <line nr="20" mi="0" ci="2" mb="0" cb="0" />
      <line nr="22" mi="0" ci="1" mb="0" cb="0" />
      <line nr="25" mi="0" ci="1" mb="0" cb="0" />
      <counter type="INSTRUCTION" missed="0" covered="8" />
      <counter type="LINE" missed="0" covered="7" />
      <counter type="METHOD" missed="0" covered="1" />
      <counter type="CLASS" missed="0" covered="1" />
    </sourcefile>
    <sourcefile name="Private/ConvertTo-MMPost.ps1">
      <line nr="15" mi="0" ci="1" mb="0" cb="0" />
      <line nr="17" mi="0" ci="1" mb="0" cb="0" />
      <line nr="18" mi="0" ci="1" mb="0" cb="0" />
      <line nr="19" mi="0" ci="1" mb="0" cb="0" />
      <line nr="20" mi="0" ci="2" mb="0" cb="0" />
      <line nr="22" mi="0" ci="1" mb="0" cb="0" />
      <line nr="25" mi="0" ci="1" mb="0" cb="0" />
      <counter type="INSTRUCTION" missed="0" covered="8" />
      <counter type="LINE" missed="0" covered="7" />
      <counter type="METHOD" missed="0" covered="1" />
      <counter type="CLASS" missed="0" covered="1" />
    </sourcefile>
    <sourcefile name="Private/ConvertTo-MMRole.ps1">
      <line nr="15" mi="0" ci="1" mb="0" cb="0" />
      <line nr="17" mi="0" ci="1" mb="0" cb="0" />
      <line nr="18" mi="0" ci="1" mb="0" cb="0" />
      <line nr="19" mi="0" ci="1" mb="0" cb="0" />
      <line nr="20" mi="0" ci="2" mb="0" cb="0" />
      <line nr="22" mi="0" ci="1" mb="0" cb="0" />
      <line nr="25" mi="0" ci="1" mb="0" cb="0" />
      <counter type="INSTRUCTION" missed="0" covered="8" />
      <counter type="LINE" missed="0" covered="7" />
      <counter type="METHOD" missed="0" covered="1" />
      <counter type="CLASS" missed="0" covered="1" />
    </sourcefile>
    <sourcefile name="Private/ConvertTo-MMSession.ps1">
      <line nr="15" mi="0" ci="1" mb="0" cb="0" />
      <line nr="17" mi="0" ci="1" mb="0" cb="0" />
      <line nr="18" mi="0" ci="1" mb="0" cb="0" />
      <line nr="19" mi="0" ci="1" mb="0" cb="0" />
      <line nr="20" mi="0" ci="2" mb="0" cb="0" />
      <line nr="22" mi="0" ci="1" mb="0" cb="0" />
      <line nr="25" mi="0" ci="1" mb="0" cb="0" />
      <counter type="INSTRUCTION" missed="0" covered="8" />
      <counter type="LINE" missed="0" covered="7" />
      <counter type="METHOD" missed="0" covered="1" />
      <counter type="CLASS" missed="0" covered="1" />
    </sourcefile>
    <sourcefile name="Private/ConvertTo-MMTeam.ps1">
      <line nr="15" mi="0" ci="1" mb="0" cb="0" />
      <line nr="17" mi="0" ci="1" mb="0" cb="0" />
      <line nr="18" mi="0" ci="1" mb="0" cb="0" />
      <line nr="19" mi="0" ci="1" mb="0" cb="0" />
      <line nr="20" mi="0" ci="2" mb="0" cb="0" />
      <line nr="22" mi="0" ci="1" mb="0" cb="0" />
      <line nr="25" mi="0" ci="1" mb="0" cb="0" />
      <counter type="INSTRUCTION" missed="0" covered="8" />
      <counter type="LINE" missed="0" covered="7" />
      <counter type="METHOD" missed="0" covered="1" />
      <counter type="CLASS" missed="0" covered="1" />
    </sourcefile>
    <sourcefile name="Private/ConvertTo-MMTeamMember.ps1">
      <line nr="16" mi="0" ci="2" mb="0" cb="0" />
      <line nr="19" mi="0" ci="1" mb="0" cb="0" />
      <line nr="20" mi="0" ci="1" mb="0" cb="0" />
      <line nr="21" mi="0" ci="1" mb="0" cb="0" />
      <line nr="22" mi="0" ci="2" mb="0" cb="0" />
      <line nr="24" mi="0" ci="1" mb="0" cb="0" />
      <line nr="27" mi="0" ci="1" mb="0" cb="0" />
      <counter type="INSTRUCTION" missed="0" covered="9" />
      <counter type="LINE" missed="0" covered="7" />
      <counter type="METHOD" missed="0" covered="1" />
      <counter type="CLASS" missed="0" covered="1" />
    </sourcefile>
    <sourcefile name="Private/ConvertTo-MMUser.ps1">
      <line nr="15" mi="0" ci="1" mb="0" cb="0" />
      <line nr="17" mi="0" ci="1" mb="0" cb="0" />
      <line nr="18" mi="0" ci="1" mb="0" cb="0" />
      <line nr="19" mi="0" ci="1" mb="0" cb="0" />
      <line nr="20" mi="0" ci="2" mb="0" cb="0" />
      <line nr="22" mi="0" ci="1" mb="0" cb="0" />
      <line nr="25" mi="0" ci="1" mb="0" cb="0" />
      <counter type="INSTRUCTION" missed="0" covered="8" />
      <counter type="LINE" missed="0" covered="7" />
      <counter type="METHOD" missed="0" covered="1" />
      <counter type="CLASS" missed="0" covered="1" />
    </sourcefile>
    <sourcefile name="Private/ConvertTo-MMUserStatus.ps1">
      <line nr="15" mi="0" ci="1" mb="0" cb="0" />
      <line nr="17" mi="0" ci="1" mb="0" cb="0" />
      <line nr="18" mi="0" ci="1" mb="0" cb="0" />
      <line nr="19" mi="0" ci="1" mb="0" cb="0" />
      <line nr="20" mi="0" ci="2" mb="0" cb="0" />
      <line nr="22" mi="0" ci="1" mb="0" cb="0" />
      <line nr="25" mi="0" ci="1" mb="0" cb="0" />
      <counter type="INSTRUCTION" missed="0" covered="8" />
      <counter type="LINE" missed="0" covered="7" />
      <counter type="METHOD" missed="0" covered="1" />
      <counter type="CLASS" missed="0" covered="1" />
    </sourcefile>
    <sourcefile name="Private/ConvertTo-MMUserToken.ps1">
      <line nr="15" mi="0" ci="1" mb="0" cb="0" />
      <line nr="17" mi="0" ci="1" mb="0" cb="0" />
      <line nr="18" mi="0" ci="1" mb="0" cb="0" />
      <line nr="19" mi="0" ci="1" mb="0" cb="0" />
      <line nr="20" mi="0" ci="2" mb="0" cb="0" />
      <line nr="22" mi="1" ci="0" mb="0" cb="0" />
      <line nr="25" mi="0" ci="1" mb="0" cb="0" />
      <counter type="INSTRUCTION" missed="1" covered="7" />
      <counter type="LINE" missed="1" covered="6" />
      <counter type="METHOD" missed="0" covered="1" />
      <counter type="CLASS" missed="0" covered="1" />
    </sourcefile>
    <sourcefile name="Private/Get-MMDefaultTeamId.ps1">
      <line nr="8" mi="0" ci="1" mb="0" cb="0" />
      <line nr="9" mi="1" ci="0" mb="0" cb="0" />
      <line nr="11" mi="0" ci="1" mb="0" cb="0" />
      <line nr="12" mi="0" ci="1" mb="0" cb="0" />
      <line nr="14" mi="0" ci="1" mb="0" cb="0" />
      <counter type="INSTRUCTION" missed="1" covered="4" />
      <counter type="LINE" missed="1" covered="4" />
      <counter type="METHOD" missed="0" covered="1" />
      <counter type="CLASS" missed="0" covered="1" />
    </sourcefile>
    <sourcefile name="Private/Get-MMErrorMessage.ps1">
      <line nr="13" mi="0" ci="1" mb="0" cb="0" />
      <line nr="14" mi="0" ci="1" mb="0" cb="0" />
      <line nr="16" mi="0" ci="2" mb="0" cb="0" />
      <line nr="17" mi="0" ci="2" mb="0" cb="0" />
      <line nr="22" mi="0" ci="1" mb="0" cb="0" />
      <counter type="INSTRUCTION" missed="0" covered="7" />
      <counter type="LINE" missed="0" covered="5" />
      <counter type="METHOD" missed="0" covered="1" />
      <counter type="CLASS" missed="0" covered="1" />
    </sourcefile>
    <sourcefile name="Private/Invoke-MMFileUpload.ps1">
      <line nr="16" mi="0" ci="1" mb="0" cb="0" />
      <line nr="17" mi="1" ci="0" mb="0" cb="0" />
      <line nr="20" mi="0" ci="2" mb="0" cb="0" />
      <line nr="21" mi="0" ci="1" mb="0" cb="0" />
      <line nr="24" mi="0" ci="2" mb="0" cb="0" />
      <line nr="25" mi="0" ci="1" mb="0" cb="0" />
      <line nr="26" mi="0" ci="1" mb="0" cb="0" />
      <line nr="28" mi="0" ci="1" mb="0" cb="0" />
      <line nr="30" mi="0" ci="2" mb="0" cb="0" />
      <line nr="32" mi="0" ci="1" mb="0" cb="0" />
      <line nr="34" mi="0" ci="1" mb="0" cb="0" />
      <line nr="35" mi="0" ci="1" mb="0" cb="0" />
      <line nr="36" mi="0" ci="1" mb="0" cb="0" />
      <line nr="37" mi="0" ci="1" mb="0" cb="0" />
      <line nr="39" mi="0" ci="1" mb="0" cb="0" />
      <line nr="41" mi="0" ci="1" mb="0" cb="0" />
      <line nr="42" mi="0" ci="1" mb="0" cb="0" />
      <line nr="43" mi="0" ci="2" mb="0" cb="0" />
      <line nr="46" mi="0" ci="1" mb="0" cb="0" />
      <line nr="47" mi="0" ci="2" mb="0" cb="0" />
      <line nr="50" mi="0" ci="3" mb="0" cb="0" />
      <line nr="53" mi="0" ci="1" mb="0" cb="0" />
      <line nr="57" mi="0" ci="1" mb="0" cb="0" />
      <counter type="INSTRUCTION" missed="1" covered="29" />
      <counter type="LINE" missed="1" covered="22" />
      <counter type="METHOD" missed="0" covered="1" />
      <counter type="CLASS" missed="0" covered="1" />
    </sourcefile>
    <sourcefile name="Private/Invoke-MMRequest.ps1">
      <line nr="20" mi="0" ci="1" mb="0" cb="0" />
      <line nr="21" mi="0" ci="1" mb="0" cb="0" />
      <line nr="24" mi="0" ci="1" mb="0" cb="0" />
      <line nr="25" mi="0" ci="1" mb="0" cb="0" />
      <line nr="26" mi="0" ci="2" mb="0" cb="0" />
      <line nr="29" mi="0" ci="1" mb="0" cb="0" />
      <line nr="30" mi="1" ci="0" mb="0" cb="0" />
      <line nr="33" mi="0" ci="1" mb="0" cb="0" />
      <line nr="34" mi="0" ci="2" mb="0" cb="0" />
      <line nr="35" mi="0" ci="1" mb="0" cb="0" />
      <line nr="36" mi="0" ci="1" mb="0" cb="0" />
      <line nr="39" mi="0" ci="1" mb="0" cb="0" />
      <line nr="40" mi="0" ci="1" mb="0" cb="0" />
      <line nr="44" mi="0" ci="1" mb="0" cb="0" />
      <line nr="46" mi="0" ci="3" mb="0" cb="0" />
      <line nr="49" mi="0" ci="1" mb="0" cb="0" />
      <line nr="50" mi="0" ci="2" mb="0" cb="0" />
      <counter type="INSTRUCTION" missed="1" covered="21" />
      <counter type="LINE" missed="1" covered="16" />
      <counter type="METHOD" missed="0" covered="1" />
      <counter type="CLASS" missed="0" covered="1" />
    </sourcefile>
    <counter type="INSTRUCTION" missed="6" covered="180" />
    <counter type="LINE" missed="6" covered="149" />
    <counter type="METHOD" missed="0" covered="19" />
    <counter type="CLASS" missed="0" covered="19" />
  </package>
  <package name="module/Private/Teams">
    <class name="module/Private/Teams/Get-MMTeamList" sourcefilename="Private/Teams/Get-MMTeamList.ps1">
      <method name="Get-MMTeamList" desc="()" line="8">
        <counter type="INSTRUCTION" missed="0" covered="5" />
        <counter type="LINE" missed="0" covered="5" />
        <counter type="METHOD" missed="0" covered="1" />
      </method>
      <counter type="INSTRUCTION" missed="0" covered="5" />
      <counter type="LINE" missed="0" covered="5" />
      <counter type="METHOD" missed="0" covered="1" />
      <counter type="CLASS" missed="0" covered="1" />
    </class>
    <sourcefile name="Private/Teams/Get-MMTeamList.ps1">
      <line nr="8" mi="0" ci="1" mb="0" cb="0" />
      <line nr="9" mi="0" ci="1" mb="0" cb="0" />
      <line nr="12" mi="0" ci="1" mb="0" cb="0" />
      <line nr="13" mi="0" ci="1" mb="0" cb="0" />
      <line nr="14" mi="0" ci="1" mb="0" cb="0" />
      <counter type="INSTRUCTION" missed="0" covered="5" />
      <counter type="LINE" missed="0" covered="5" />
      <counter type="METHOD" missed="0" covered="1" />
      <counter type="CLASS" missed="0" covered="1" />
    </sourcefile>
    <counter type="INSTRUCTION" missed="0" covered="5" />
    <counter type="LINE" missed="0" covered="5" />
    <counter type="METHOD" missed="0" covered="1" />
    <counter type="CLASS" missed="0" covered="1" />
  </package>
  <package name="module/Private/Users">
    <class name="module/Private/Users/Get-MMUserList" sourcefilename="Private/Users/Get-MMUserList.ps1">
      <method name="Get-MMUserList" desc="()" line="8">
        <counter type="INSTRUCTION" missed="0" covered="5" />
        <counter type="LINE" missed="0" covered="5" />
        <counter type="METHOD" missed="0" covered="1" />
      </method>
      <counter type="INSTRUCTION" missed="0" covered="5" />
      <counter type="LINE" missed="0" covered="5" />
      <counter type="METHOD" missed="0" covered="1" />
      <counter type="CLASS" missed="0" covered="1" />
    </class>
    <sourcefile name="Private/Users/Get-MMUserList.ps1">
      <line nr="8" mi="0" ci="1" mb="0" cb="0" />
      <line nr="9" mi="0" ci="1" mb="0" cb="0" />
      <line nr="12" mi="0" ci="1" mb="0" cb="0" />
      <line nr="13" mi="0" ci="1" mb="0" cb="0" />
      <line nr="14" mi="0" ci="1" mb="0" cb="0" />
      <counter type="INSTRUCTION" missed="0" covered="5" />
      <counter type="LINE" missed="0" covered="5" />
      <counter type="METHOD" missed="0" covered="1" />
      <counter type="CLASS" missed="0" covered="1" />
    </sourcefile>
    <counter type="INSTRUCTION" missed="0" covered="5" />
    <counter type="LINE" missed="0" covered="5" />
    <counter type="METHOD" missed="0" covered="1" />
    <counter type="CLASS" missed="0" covered="1" />
  </package>
  <package name="module/Public/Bots">
    <class name="module/Public/Bots/Disable-MMBot" sourcefilename="Public/Bots/Disable-MMBot.ps1">
      <method name="Disable-MMBot" desc="()" line="21">
        <counter type="INSTRUCTION" missed="0" covered="3" />
        <counter type="LINE" missed="0" covered="2" />
        <counter type="METHOD" missed="0" covered="1" />
      </method>
      <counter type="INSTRUCTION" missed="0" covered="3" />
      <counter type="LINE" missed="0" covered="2" />
      <counter type="METHOD" missed="0" covered="1" />
      <counter type="CLASS" missed="0" covered="1" />
    </class>
    <class name="module/Public/Bots/Enable-MMBot" sourcefilename="Public/Bots/Enable-MMBot.ps1">
      <method name="Enable-MMBot" desc="()" line="21">
        <counter type="INSTRUCTION" missed="0" covered="3" />
        <counter type="LINE" missed="0" covered="2" />
        <counter type="METHOD" missed="0" covered="1" />
      </method>
      <counter type="INSTRUCTION" missed="0" covered="3" />
      <counter type="LINE" missed="0" covered="2" />
      <counter type="METHOD" missed="0" covered="1" />
      <counter type="CLASS" missed="0" covered="1" />
    </class>
    <class name="module/Public/Bots/Get-MMBot" sourcefilename="Public/Bots/Get-MMBot.ps1">
      <method name="Get-MMBot" desc="()" line="43">
        <counter type="INSTRUCTION" missed="2" covered="25" />
        <counter type="LINE" missed="0" covered="18" />
        <counter type="METHOD" missed="0" covered="1" />
      </method>
      <counter type="INSTRUCTION" missed="2" covered="25" />
      <counter type="LINE" missed="0" covered="18" />
      <counter type="METHOD" missed="0" covered="1" />
      <counter type="CLASS" missed="0" covered="1" />
    </class>
    <class name="module/Public/Bots/New-MMBot" sourcefilename="Public/Bots/New-MMBot.ps1">
      <method name="New-MMBot" desc="()" line="24">
        <counter type="INSTRUCTION" missed="0" covered="8" />
        <counter type="LINE" missed="0" covered="4" />
        <counter type="METHOD" missed="0" covered="1" />
      </method>
      <counter type="INSTRUCTION" missed="0" covered="8" />
      <counter type="LINE" missed="0" covered="4" />
      <counter type="METHOD" missed="0" covered="1" />
      <counter type="CLASS" missed="0" covered="1" />
    </class>
    <class name="module/Public/Bots/Set-MMBot" sourcefilename="Public/Bots/Set-MMBot.ps1">
      <method name="Set-MMBot" desc="()" line="30">
        <counter type="INSTRUCTION" missed="1" covered="8" />
        <counter type="LINE" missed="0" covered="5" />
        <counter type="METHOD" missed="0" covered="1" />
      </method>
      <counter type="INSTRUCTION" missed="1" covered="8" />
      <counter type="LINE" missed="0" covered="5" />
      <counter type="METHOD" missed="0" covered="1" />
      <counter type="CLASS" missed="0" covered="1" />
    </class>
    <class name="module/Public/Bots/Set-MMBotOwner" sourcefilename="Public/Bots/Set-MMBotOwner.ps1">
      <method name="Set-MMBotOwner" desc="()" line="29">
        <counter type="INSTRUCTION" missed="0" covered="6" />
        <counter type="LINE" missed="0" covered="4" />
        <counter type="METHOD" missed="0" covered="1" />
      </method>
      <counter type="INSTRUCTION" missed="0" covered="6" />
      <counter type="LINE" missed="0" covered="4" />
      <counter type="METHOD" missed="0" covered="1" />
      <counter type="CLASS" missed="0" covered="1" />
    </class>
    <sourcefile name="Public/Bots/Disable-MMBot.ps1">
      <line nr="21" mi="0" ci="1" mb="0" cb="0" />
      <line nr="22" mi="0" ci="2" mb="0" cb="0" />
      <counter type="INSTRUCTION" missed="0" covered="3" />
      <counter type="LINE" missed="0" covered="2" />
      <counter type="METHOD" missed="0" covered="1" />
      <counter type="CLASS" missed="0" covered="1" />
    </sourcefile>
    <sourcefile name="Public/Bots/Enable-MMBot.ps1">
      <line nr="21" mi="0" ci="1" mb="0" cb="0" />
      <line nr="22" mi="0" ci="2" mb="0" cb="0" />
      <counter type="INSTRUCTION" missed="0" covered="3" />
      <counter type="LINE" missed="0" covered="2" />
      <counter type="METHOD" missed="0" covered="1" />
      <counter type="CLASS" missed="0" covered="1" />
    </sourcefile>
    <sourcefile name="Public/Bots/Get-MMBot.ps1">
      <line nr="43" mi="0" ci="1" mb="0" cb="0" />
      <line nr="44" mi="0" ci="2" mb="0" cb="0" />
      <line nr="48" mi="0" ci="1" mb="0" cb="0" />
      <line nr="49" mi="0" ci="1" mb="0" cb="0" />
      <line nr="50" mi="0" ci="1" mb="0" cb="0" />
      <line nr="51" mi="0" ci="1" mb="0" cb="0" />
      <line nr="53" mi="0" ci="1" mb="0" cb="0" />
      <line nr="54" mi="1" ci="1" mb="0" cb="0" />
      <line nr="55" mi="1" ci="1" mb="0" cb="0" />
      <line nr="56" mi="0" ci="1" mb="0" cb="0" />
      <line nr="57" mi="0" ci="1" mb="0" cb="0" />
      <line nr="58" mi="0" ci="1" mb="0" cb="0" />
      <line nr="60" mi="0" ci="3" mb="0" cb="0" />
      <line nr="64" mi="0" ci="1" mb="0" cb="0" />
      <line nr="65" mi="0" ci="2" mb="0" cb="0" />
      <line nr="66" mi="0" ci="2" mb="0" cb="0" />
      <line nr="68" mi="0" ci="1" mb="0" cb="0" />
      <line nr="69" mi="0" ci="3" mb="0" cb="0" />
      <counter type="INSTRUCTION" missed="2" covered="25" />
      <counter type="LINE" missed="0" covered="18" />
      <counter type="METHOD" missed="0" covered="1" />
      <counter type="CLASS" missed="0" covered="1" />
    </sourcefile>
    <sourcefile name="Public/Bots/New-MMBot.ps1">
      <line nr="24" mi="0" ci="2" mb="0" cb="0" />
      <line nr="25" mi="0" ci="2" mb="0" cb="0" />
      <line nr="26" mi="0" ci="2" mb="0" cb="0" />
      <line nr="28" mi="0" ci="2" mb="0" cb="0" />
      <counter type="INSTRUCTION" missed="0" covered="8" />
      <counter type="LINE" missed="0" covered="4" />
      <counter type="METHOD" missed="0" covered="1" />
      <counter type="CLASS" missed="0" covered="1" />
    </sourcefile>
    <sourcefile name="Public/Bots/Set-MMBot.ps1">
      <line nr="30" mi="0" ci="1" mb="0" cb="0" />
      <line nr="31" mi="1" ci="1" mb="0" cb="0" />
      <line nr="32" mi="0" ci="2" mb="0" cb="0" />
      <line nr="33" mi="0" ci="2" mb="0" cb="0" />
      <line nr="35" mi="0" ci="2" mb="0" cb="0" />
      <counter type="INSTRUCTION" missed="1" covered="8" />
      <counter type="LINE" missed="0" covered="5" />
      <counter type="METHOD" missed="0" covered="1" />
      <counter type="CLASS" missed="0" covered="1" />
    </sourcefile>
    <sourcefile name="Public/Bots/Set-MMBotOwner.ps1">
      <line nr="29" mi="0" ci="1" mb="0" cb="0" />
      <line nr="30" mi="0" ci="2" mb="0" cb="0" />
      <line nr="32" mi="0" ci="1" mb="0" cb="0" />
      <line nr="35" mi="0" ci="2" mb="0" cb="0" />
      <counter type="INSTRUCTION" missed="0" covered="6" />
      <counter type="LINE" missed="0" covered="4" />
      <counter type="METHOD" missed="0" covered="1" />
      <counter type="CLASS" missed="0" covered="1" />
    </sourcefile>
    <counter type="INSTRUCTION" missed="3" covered="53" />
    <counter type="LINE" missed="0" covered="35" />
    <counter type="METHOD" missed="0" covered="6" />
    <counter type="CLASS" missed="0" covered="6" />
  </package>
  <package name="module/Public/Channels">
    <class name="module/Public/Channels/Add-MMUserToChannel" sourcefilename="Public/Channels/Add-MMUserToChannel.ps1">
      <method name="Add-MMUserToChannel" desc="()" line="23">
        <counter type="INSTRUCTION" missed="0" covered="2" />
        <counter type="LINE" missed="0" covered="1" />
        <counter type="METHOD" missed="0" covered="1" />
      </method>
      <counter type="INSTRUCTION" missed="0" covered="2" />
      <counter type="LINE" missed="0" covered="1" />
      <counter type="METHOD" missed="0" covered="1" />
      <counter type="CLASS" missed="0" covered="1" />
    </class>
    <class name="module/Public/Channels/Get-MMChannel" sourcefilename="Public/Channels/Get-MMChannel.ps1">
      <method name="Get-MMChannel" desc="()" line="43">
        <counter type="INSTRUCTION" missed="1" covered="34" />
        <counter type="LINE" missed="0" covered="23" />
        <counter type="METHOD" missed="0" covered="1" />
      </method>
      <counter type="INSTRUCTION" missed="1" covered="34" />
      <counter type="LINE" missed="0" covered="23" />
      <counter type="METHOD" missed="0" covered="1" />
      <counter type="CLASS" missed="0" covered="1" />
    </class>
    <class name="module/Public/Channels/Get-MMChannelMembers" sourcefilename="Public/Channels/Get-MMChannelMembers.ps1">
      <method name="Get-MMChannelMembers" desc="()" line="29">
        <counter type="INSTRUCTION" missed="0" covered="10" />
        <counter type="LINE" missed="0" covered="8" />
        <counter type="METHOD" missed="0" covered="1" />
      </method>
      <counter type="INSTRUCTION" missed="0" covered="10" />
      <counter type="LINE" missed="0" covered="8" />
      <counter type="METHOD" missed="0" covered="1" />
      <counter type="CLASS" missed="0" covered="1" />
    </class>
    <class name="module/Public/Channels/Get-MMUserChannels" sourcefilename="Public/Channels/Get-MMUserChannels.ps1">
      <method name="Get-MMUserChannels" desc="()" line="32">
        <counter type="INSTRUCTION" missed="0" covered="10" />
        <counter type="LINE" missed="0" covered="7" />
        <counter type="METHOD" missed="0" covered="1" />
      </method>
      <counter type="INSTRUCTION" missed="0" covered="10" />
      <counter type="LINE" missed="0" covered="7" />
      <counter type="METHOD" missed="0" covered="1" />
      <counter type="CLASS" missed="0" covered="1" />
    </class>
    <class name="module/Public/Channels/New-MMChannel" sourcefilename="Public/Channels/New-MMChannel.ps1">
      <method name="New-MMChannel" desc="()" line="36">
        <counter type="INSTRUCTION" missed="0" covered="19" />
        <counter type="LINE" missed="0" covered="13" />
        <counter type="METHOD" missed="0" covered="1" />
      </method>
      <counter type="INSTRUCTION" missed="0" covered="19" />
      <counter type="LINE" missed="0" covered="13" />
      <counter type="METHOD" missed="0" covered="1" />
      <counter type="CLASS" missed="0" covered="1" />
    </class>
    <class name="module/Public/Channels/New-MMDirectChannel" sourcefilename="Public/Channels/New-MMDirectChannel.ps1">
      <method name="New-MMDirectChannel" desc="()" line="24">
        <counter type="INSTRUCTION" missed="0" covered="3" />
        <counter type="LINE" missed="0" covered="2" />
        <counter type="METHOD" missed="0" covered="1" />
      </method>
      <counter type="INSTRUCTION" missed="0" covered="3" />
      <counter type="LINE" missed="0" covered="2" />
      <counter type="METHOD" missed="0" covered="1" />
      <counter type="CLASS" missed="0" covered="1" />
    </class>
    <class name="module/Public/Channels/New-MMGroupChannel" sourcefilename="Public/Channels/New-MMGroupChannel.ps1">
      <method name="New-MMGroupChannel" desc="()" line="18">
        <counter type="INSTRUCTION" missed="0" covered="2" />
        <counter type="LINE" missed="0" covered="2" />
        <counter type="METHOD" missed="0" covered="1" />
      </method>
      <counter type="INSTRUCTION" missed="0" covered="2" />
      <counter type="LINE" missed="0" covered="2" />
      <counter type="METHOD" missed="0" covered="1" />
      <counter type="CLASS" missed="0" covered="1" />
    </class>
    <class name="module/Public/Channels/Remove-MMChannel" sourcefilename="Public/Channels/Remove-MMChannel.ps1">
      <method name="Remove-MMChannel" desc="()" line="20">
        <counter type="INSTRUCTION" missed="0" covered="2" />
        <counter type="LINE" missed="0" covered="2" />
        <counter type="METHOD" missed="0" covered="1" />
      </method>
      <counter type="INSTRUCTION" missed="0" covered="2" />
      <counter type="LINE" missed="0" covered="2" />
      <counter type="METHOD" missed="0" covered="1" />
      <counter type="CLASS" missed="0" covered="1" />
    </class>
    <class name="module/Public/Channels/Remove-MMUserFromChannel" sourcefilename="Public/Channels/Remove-MMUserFromChannel.ps1">
      <method name="Remove-MMUserFromChannel" desc="()" line="23">
        <counter type="INSTRUCTION" missed="0" covered="3" />
        <counter type="LINE" missed="0" covered="2" />
        <counter type="METHOD" missed="0" covered="1" />
      </method>
      <counter type="INSTRUCTION" missed="0" covered="3" />
      <counter type="LINE" missed="0" covered="2" />
      <counter type="METHOD" missed="0" covered="1" />
      <counter type="CLASS" missed="0" covered="1" />
    </class>
    <class name="module/Public/Channels/Restore-MMChannel" sourcefilename="Public/Channels/Restore-MMChannel.ps1">
      <method name="Restore-MMChannel" desc="()" line="21">
        <counter type="INSTRUCTION" missed="0" covered="2" />
        <counter type="LINE" missed="0" covered="2" />
        <counter type="METHOD" missed="0" covered="1" />
      </method>
      <counter type="INSTRUCTION" missed="0" covered="2" />
      <counter type="LINE" missed="0" covered="2" />
      <counter type="METHOD" missed="0" covered="1" />
      <counter type="CLASS" missed="0" covered="1" />
    </class>
    <class name="module/Public/Channels/Set-MMChannel" sourcefilename="Public/Channels/Set-MMChannel.ps1">
      <method name="Set-MMChannel" desc="()" line="36">
        <counter type="INSTRUCTION" missed="0" covered="17" />
        <counter type="LINE" missed="0" covered="15" />
        <counter type="METHOD" missed="0" covered="1" />
      </method>
      <counter type="INSTRUCTION" missed="0" covered="17" />
      <counter type="LINE" missed="0" covered="15" />
      <counter type="METHOD" missed="0" covered="1" />
      <counter type="CLASS" missed="0" covered="1" />
    </class>
    <class name="module/Public/Channels/Set-MMChannelPrivacy" sourcefilename="Public/Channels/Set-MMChannelPrivacy.ps1">
      <method name="Set-MMChannelPrivacy" desc="()" line="25">
        <counter type="INSTRUCTION" missed="0" covered="6" />
        <counter type="LINE" missed="0" covered="3" />
        <counter type="METHOD" missed="0" covered="1" />
      </method>
      <counter type="INSTRUCTION" missed="0" covered="6" />
      <counter type="LINE" missed="0" covered="3" />
      <counter type="METHOD" missed="0" covered="1" />
      <counter type="CLASS" missed="0" covered="1" />
    </class>
    <sourcefile name="Public/Channels/Add-MMUserToChannel.ps1">
      <line nr="23" mi="0" ci="2" mb="0" cb="0" />
      <counter type="INSTRUCTION" missed="0" covered="2" />
      <counter type="LINE" missed="0" covered="1" />
      <counter type="METHOD" missed="0" covered="1" />
      <counter type="CLASS" missed="0" covered="1" />
    </sourcefile>
    <sourcefile name="Public/Channels/Get-MMChannel.ps1">
      <line nr="43" mi="0" ci="1" mb="0" cb="0" />
      <line nr="45" mi="0" ci="1" mb="0" cb="0" />
      <line nr="46" mi="0" ci="1" mb="0" cb="0" />
      <line nr="48" mi="0" ci="1" mb="0" cb="0" />
      <line nr="49" mi="0" ci="2" mb="0" cb="0" />
      <line nr="50" mi="0" ci="1" mb="0" cb="0" />
      <line nr="53" mi="0" ci="2" mb="0" cb="0" />
      <line nr="55" mi="0" ci="3" mb="0" cb="0" />
      <line nr="56" mi="0" ci="2" mb="0" cb="0" />
      <line nr="59" mi="0" ci="3" mb="0" cb="0" />
      <line nr="60" mi="0" ci="1" mb="0" cb="0" />
      <line nr="61" mi="0" ci="1" mb="0" cb="0" />
      <line nr="63" mi="0" ci="1" mb="0" cb="0" />
      <line nr="64" mi="0" ci="2" mb="0" cb="0" />
      <line nr="65" mi="0" ci="1" mb="0" cb="0" />
      <line nr="69" mi="1" ci="2" mb="0" cb="0" />
      <line nr="70" mi="0" ci="1" mb="0" cb="0" />
      <line nr="71" mi="0" ci="1" mb="0" cb="0" />
      <line nr="72" mi="0" ci="1" mb="0" cb="0" />
      <line nr="74" mi="0" ci="1" mb="0" cb="0" />
      <line nr="75" mi="0" ci="1" mb="0" cb="0" />
      <line nr="76" mi="0" ci="1" mb="0" cb="0" />
      <line nr="78" mi="0" ci="3" mb="0" cb="0" />
      <counter type="INSTRUCTION" missed="1" covered="34" />
      <counter type="LINE" missed="0" covered="23" />
      <counter type="METHOD" missed="0" covered="1" />
      <counter type="CLASS" missed="0" covered="1" />
    </sourcefile>
    <sourcefile name="Public/Channels/Get-MMChannelMembers.ps1">
      <line nr="29" mi="0" ci="1" mb="0" cb="0" />
      <line nr="30" mi="0" ci="2" mb="0" cb="0" />
      <line nr="32" mi="0" ci="1" mb="0" cb="0" />
      <line nr="35" mi="0" ci="1" mb="0" cb="0" />
      <line nr="36" mi="0" ci="1" mb="0" cb="0" />
      <line nr="38" mi="0" ci="1" mb="0" cb="0" />
      <line nr="39" mi="0" ci="2" mb="0" cb="0" />
      <line nr="40" mi="0" ci="1" mb="0" cb="0" />
      <counter type="INSTRUCTION" missed="0" covered="10" />
      <counter type="LINE" missed="0" covered="8" />
      <counter type="METHOD" missed="0" covered="1" />
      <counter type="CLASS" missed="0" covered="1" />
    </sourcefile>
    <sourcefile name="Public/Channels/Get-MMUserChannels.ps1">
      <line nr="32" mi="0" ci="1" mb="0" cb="0" />
      <line nr="33" mi="0" ci="2" mb="0" cb="0" />
      <line nr="35" mi="0" ci="1" mb="0" cb="0" />
      <line nr="38" mi="0" ci="1" mb="0" cb="0" />
      <line nr="39" mi="0" ci="2" mb="0" cb="0" />
      <line nr="41" mi="0" ci="1" mb="0" cb="0" />
      <line nr="44" mi="0" ci="2" mb="0" cb="0" />
      <counter type="INSTRUCTION" missed="0" covered="10" />
      <counter type="LINE" missed="0" covered="7" />
      <counter type="METHOD" missed="0" covered="1" />
      <counter type="CLASS" missed="0" covered="1" />
    </sourcefile>
    <sourcefile name="Public/Channels/New-MMChannel.ps1">
      <line nr="36" mi="0" ci="1" mb="0" cb="0" />
      <line nr="37" mi="0" ci="2" mb="0" cb="0" />
      <line nr="38" mi="0" ci="1" mb="0" cb="0" />
      <line nr="39" mi="0" ci="1" mb="0" cb="0" />
      <line nr="41" mi="0" ci="1" mb="0" cb="0" />
      <line nr="44" mi="0" ci="1" mb="0" cb="0" />
      <line nr="45" mi="0" ci="1" mb="0" cb="0" />
      <line nr="46" mi="0" ci="1" mb="0" cb="0" />
      <line nr="47" mi="0" ci="1" mb="0" cb="0" />
      <line nr="48" mi="0" ci="3" mb="0" cb="0" />
      <line nr="51" mi="0" ci="2" mb="0" cb="0" />
      <line nr="52" mi="0" ci="2" mb="0" cb="0" />
      <line nr="54" mi="0" ci="2" mb="0" cb="0" />
      <counter type="INSTRUCTION" missed="0" covered="19" />
      <counter type="LINE" missed="0" covered="13" />
      <counter type="METHOD" missed="0" covered="1" />
      <counter type="CLASS" missed="0" covered="1" />
    </sourcefile>
    <sourcefile name="Public/Channels/New-MMDirectChannel.ps1">
      <line nr="24" mi="0" ci="2" mb="0" cb="0" />
      <line nr="25" mi="0" ci="1" mb="0" cb="0" />
      <counter type="INSTRUCTION" missed="0" covered="3" />
      <counter type="LINE" missed="0" covered="2" />
      <counter type="METHOD" missed="0" covered="1" />
      <counter type="CLASS" missed="0" covered="1" />
    </sourcefile>
    <sourcefile name="Public/Channels/New-MMGroupChannel.ps1">
      <line nr="18" mi="0" ci="1" mb="0" cb="0" />
      <line nr="19" mi="0" ci="1" mb="0" cb="0" />
      <counter type="INSTRUCTION" missed="0" covered="2" />
      <counter type="LINE" missed="0" covered="2" />
      <counter type="METHOD" missed="0" covered="1" />
      <counter type="CLASS" missed="0" covered="1" />
    </sourcefile>
    <sourcefile name="Public/Channels/Remove-MMChannel.ps1">
      <line nr="20" mi="0" ci="1" mb="0" cb="0" />
      <line nr="21" mi="0" ci="1" mb="0" cb="0" />
      <counter type="INSTRUCTION" missed="0" covered="2" />
      <counter type="LINE" missed="0" covered="2" />
      <counter type="METHOD" missed="0" covered="1" />
      <counter type="CLASS" missed="0" covered="1" />
    </sourcefile>
    <sourcefile name="Public/Channels/Remove-MMUserFromChannel.ps1">
      <line nr="23" mi="0" ci="1" mb="0" cb="0" />
      <line nr="24" mi="0" ci="2" mb="0" cb="0" />
      <counter type="INSTRUCTION" missed="0" covered="3" />
      <counter type="LINE" missed="0" covered="2" />
      <counter type="METHOD" missed="0" covered="1" />
      <counter type="CLASS" missed="0" covered="1" />
    </sourcefile>
    <sourcefile name="Public/Channels/Restore-MMChannel.ps1">
      <line nr="21" mi="0" ci="1" mb="0" cb="0" />
      <line nr="22" mi="0" ci="1" mb="0" cb="0" />
      <counter type="INSTRUCTION" missed="0" covered="2" />
      <counter type="LINE" missed="0" covered="2" />
      <counter type="METHOD" missed="0" covered="1" />
      <counter type="CLASS" missed="0" covered="1" />
    </sourcefile>
    <sourcefile name="Public/Channels/Set-MMChannel.ps1">
      <line nr="36" mi="0" ci="1" mb="0" cb="0" />
      <line nr="37" mi="0" ci="1" mb="0" cb="0" />
      <line nr="38" mi="0" ci="1" mb="0" cb="0" />
      <line nr="39" mi="0" ci="1" mb="0" cb="0" />
      <line nr="40" mi="0" ci="1" mb="0" cb="0" />
      <line nr="41" mi="0" ci="1" mb="0" cb="0" />
      <line nr="42" mi="0" ci="1" mb="0" cb="0" />
      <line nr="43" mi="0" ci="1" mb="0" cb="0" />
      <line nr="46" mi="0" ci="1" mb="0" cb="0" />
      <line nr="47" mi="0" ci="1" mb="0" cb="0" />
      <line nr="48" mi="0" ci="1" mb="0" cb="0" />
      <line nr="49" mi="0" ci="1" mb="0" cb="0" />
      <line nr="52" mi="0" ci="1" mb="0" cb="0" />
      <line nr="53" mi="0" ci="2" mb="0" cb="0" />
      <line nr="56" mi="0" ci="2" mb="0" cb="0" />
      <counter type="INSTRUCTION" missed="0" covered="17" />
      <counter type="LINE" missed="0" covered="15" />
      <counter type="METHOD" missed="0" covered="1" />
      <counter type="CLASS" missed="0" covered="1" />
    </sourcefile>
    <sourcefile name="Public/Channels/Set-MMChannelPrivacy.ps1">
      <line nr="25" mi="0" ci="3" mb="0" cb="0" />
      <line nr="26" mi="0" ci="2" mb="0" cb="0" />
      <line nr="27" mi="0" ci="1" mb="0" cb="0" />
      <counter type="INSTRUCTION" missed="0" covered="6" />
      <counter type="LINE" missed="0" covered="3" />
      <counter type="METHOD" missed="0" covered="1" />
      <counter type="CLASS" missed="0" covered="1" />
    </sourcefile>
    <counter type="INSTRUCTION" missed="1" covered="110" />
    <counter type="LINE" missed="0" covered="80" />
    <counter type="METHOD" missed="0" covered="12" />
    <counter type="CLASS" missed="0" covered="12" />
  </package>
  <package name="module/Public/Connections">
    <class name="module/Public/Connections/Connect-MMServer" sourcefilename="Public/Connections/Connect-MMServer.ps1">
      <method name="Connect-MMServer" desc="()" line="46">
        <counter type="INSTRUCTION" missed="0" covered="52" />
        <counter type="LINE" missed="0" covered="41" />
        <counter type="METHOD" missed="0" covered="1" />
      </method>
      <counter type="INSTRUCTION" missed="0" covered="52" />
      <counter type="LINE" missed="0" covered="41" />
      <counter type="METHOD" missed="0" covered="1" />
      <counter type="CLASS" missed="0" covered="1" />
    </class>
    <class name="module/Public/Connections/Disconnect-MMServer" sourcefilename="Public/Connections/Disconnect-MMServer.ps1">
      <method name="Disconnect-MMServer" desc="()" line="13">
        <counter type="INSTRUCTION" missed="1" covered="5" />
        <counter type="LINE" missed="1" covered="5" />
        <counter type="METHOD" missed="0" covered="1" />
      </method>
      <counter type="INSTRUCTION" missed="1" covered="5" />
      <counter type="LINE" missed="1" covered="5" />
      <counter type="METHOD" missed="0" covered="1" />
      <counter type="CLASS" missed="0" covered="1" />
    </class>
    <sourcefile name="Public/Connections/Connect-MMServer.ps1">
      <line nr="46" mi="0" ci="1" mb="0" cb="0" />
      <line nr="48" mi="0" ci="2" mb="0" cb="0" />
      <line nr="50" mi="0" ci="1" mb="0" cb="0" />
      <line nr="51" mi="0" ci="1" mb="0" cb="0" />
      <line nr="52" mi="0" ci="1" mb="0" cb="0" />
      <line nr="55" mi="0" ci="1" mb="0" cb="0" />
      <line nr="56" mi="0" ci="1" mb="0" cb="0" />
      <line nr="59" mi="0" ci="4" mb="0" cb="0" />
      <line nr="62" mi="0" ci="1" mb="0" cb="0" />
      <line nr="68" mi="0" ci="1" mb="0" cb="0" />
      <line nr="69" mi="0" ci="2" mb="0" cb="0" />
      <line nr="72" mi="0" ci="1" mb="0" cb="0" />
      <line nr="73" mi="0" ci="2" mb="0" cb="0" />
      <line nr="75" mi="0" ci="2" mb="0" cb="0" />
      <line nr="77" mi="0" ci="1" mb="0" cb="0" />
      <line nr="78" mi="0" ci="1" mb="0" cb="0" />
      <line nr="79" mi="0" ci="1" mb="0" cb="0" />
      <line nr="80" mi="0" ci="1" mb="0" cb="0" />
      <line nr="81" mi="0" ci="1" mb="0" cb="0" />
      <line nr="82" mi="0" ci="1" mb="0" cb="0" />
      <line nr="88" mi="0" ci="1" mb="0" cb="0" />
      <line nr="90" mi="0" ci="1" mb="0" cb="0" />
      <line nr="93" mi="0" ci="1" mb="0" cb="0" />
      <line nr="94" mi="0" ci="2" mb="0" cb="0" />
      <line nr="97" mi="0" ci="1" mb="0" cb="0" />
      <line nr="98" mi="0" ci="1" mb="0" cb="0" />
      <line nr="99" mi="0" ci="1" mb="0" cb="0" />
      <line nr="100" mi="0" ci="1" mb="0" cb="0" />
      <line nr="101" mi="0" ci="1" mb="0" cb="0" />
      <line nr="102" mi="0" ci="1" mb="0" cb="0" />
      <line nr="106" mi="0" ci="1" mb="0" cb="0" />
      <line nr="108" mi="0" ci="1" mb="0" cb="0" />
      <line nr="109" mi="0" ci="1" mb="0" cb="0" />
      <line nr="112" mi="0" ci="2" mb="0" cb="0" />
      <line nr="116" mi="0" ci="3" mb="0" cb="0" />
      <line nr="118" mi="0" ci="1" mb="0" cb="0" />
      <line nr="119" mi="0" ci="1" mb="0" cb="0" />
      <line nr="120" mi="0" ci="1" mb="0" cb="0" />
      <line nr="121" mi="0" ci="1" mb="0" cb="0" />
      <line nr="122" mi="0" ci="1" mb="0" cb="0" />
      <line nr="123" mi="0" ci="1" mb="0" cb="0" />
      <counter type="INSTRUCTION" missed="0" covered="52" />
      <counter type="LINE" missed="0" covered="41" />
      <counter type="METHOD" missed="0" covered="1" />
      <counter type="CLASS" missed="0" covered="1" />
    </sourcefile>
    <sourcefile name="Public/Connections/Disconnect-MMServer.ps1">
      <line nr="13" mi="0" ci="1" mb="0" cb="0" />
      <line nr="14" mi="0" ci="1" mb="0" cb="0" />
      <line nr="19" mi="0" ci="1" mb="0" cb="0" />
      <line nr="22" mi="1" ci="0" mb="0" cb="0" />
      <line nr="25" mi="0" ci="1" mb="0" cb="0" />
      <line nr="26" mi="0" ci="1" mb="0" cb="0" />
      <counter type="INSTRUCTION" missed="1" covered="5" />
      <counter type="LINE" missed="1" covered="5" />
      <counter type="METHOD" missed="0" covered="1" />
      <counter type="CLASS" missed="0" covered="1" />
    </sourcefile>
    <counter type="INSTRUCTION" missed="1" covered="57" />
    <counter type="LINE" missed="1" covered="46" />
    <counter type="METHOD" missed="0" covered="2" />
    <counter type="CLASS" missed="0" covered="2" />
  </package>
  <package name="module/Public/Emoji">
    <class name="module/Public/Emoji/Find-MMEmoji" sourcefilename="Public/Emoji/Find-MMEmoji.ps1">
      <method name="Find-MMEmoji" desc="()" line="28">
        <counter type="INSTRUCTION" missed="0" covered="13" />
        <counter type="LINE" missed="0" covered="7" />
        <counter type="METHOD" missed="0" covered="1" />
      </method>
      <counter type="INSTRUCTION" missed="0" covered="13" />
      <counter type="LINE" missed="0" covered="7" />
      <counter type="METHOD" missed="0" covered="1" />
      <counter type="CLASS" missed="0" covered="1" />
    </class>
    <class name="module/Public/Emoji/Get-MMEmoji" sourcefilename="Public/Emoji/Get-MMEmoji.ps1">
      <method name="Get-MMEmoji" desc="()" line="40">
        <counter type="INSTRUCTION" missed="0" covered="16" />
        <counter type="LINE" missed="0" covered="9" />
        <counter type="METHOD" missed="0" covered="1" />
      </method>
      <counter type="INSTRUCTION" missed="0" covered="16" />
      <counter type="LINE" missed="0" covered="9" />
      <counter type="METHOD" missed="0" covered="1" />
      <counter type="CLASS" missed="0" covered="1" />
    </class>
    <class name="module/Public/Emoji/New-MMEmoji" sourcefilename="Public/Emoji/New-MMEmoji.ps1">
      <method name="New-MMEmoji" desc="()" line="25">
        <counter type="INSTRUCTION" missed="5" covered="29" />
        <counter type="LINE" missed="4" covered="19" />
        <counter type="METHOD" missed="0" covered="1" />
      </method>
      <counter type="INSTRUCTION" missed="5" covered="29" />
      <counter type="LINE" missed="4" covered="19" />
      <counter type="METHOD" missed="0" covered="1" />
      <counter type="CLASS" missed="0" covered="1" />
    </class>
    <class name="module/Public/Emoji/Remove-MMEmoji" sourcefilename="Public/Emoji/Remove-MMEmoji.ps1">
      <method name="Remove-MMEmoji" desc="()" line="20">
        <counter type="INSTRUCTION" missed="0" covered="3" />
        <counter type="LINE" missed="0" covered="2" />
        <counter type="METHOD" missed="0" covered="1" />
      </method>
      <counter type="INSTRUCTION" missed="0" covered="3" />
      <counter type="LINE" missed="0" covered="2" />
      <counter type="METHOD" missed="0" covered="1" />
      <counter type="CLASS" missed="0" covered="1" />
    </class>
    <class name="module/Public/Emoji/Save-MMEmojiImage" sourcefilename="Public/Emoji/Save-MMEmojiImage.ps1">
      <method name="Save-MMEmojiImage" desc="()" line="27">
        <counter type="INSTRUCTION" missed="4" covered="25" />
        <counter type="LINE" missed="4" covered="17" />
        <counter type="METHOD" missed="0" covered="1" />
      </method>
      <counter type="INSTRUCTION" missed="4" covered="25" />
      <counter type="LINE" missed="4" covered="17" />
      <counter type="METHOD" missed="0" covered="1" />
      <counter type="CLASS" missed="0" covered="1" />
    </class>
    <sourcefile name="Public/Emoji/Find-MMEmoji.ps1">
      <line nr="28" mi="0" ci="1" mb="0" cb="0" />
      <line nr="29" mi="0" ci="1" mb="0" cb="0" />
      <line nr="30" mi="0" ci="3" mb="0" cb="0" />
      <line nr="32" mi="0" ci="2" mb="0" cb="0" />
      <line nr="33" mi="0" ci="2" mb="0" cb="0" />
      <line nr="34" mi="0" ci="1" mb="0" cb="0" />
      <line nr="35" mi="0" ci="3" mb="0" cb="0" />
      <counter type="INSTRUCTION" missed="0" covered="13" />
      <counter type="LINE" missed="0" covered="7" />
      <counter type="METHOD" missed="0" covered="1" />
      <counter type="CLASS" missed="0" covered="1" />
    </sourcefile>
    <sourcefile name="Public/Emoji/Get-MMEmoji.ps1">
      <line nr="40" mi="0" ci="1" mb="0" cb="0" />
      <line nr="42" mi="0" ci="2" mb="0" cb="0" />
      <line nr="45" mi="0" ci="2" mb="0" cb="0" />
      <line nr="48" mi="0" ci="1" mb="0" cb="0" />
      <line nr="49" mi="0" ci="3" mb="0" cb="0" />
      <line nr="52" mi="0" ci="1" mb="0" cb="0" />
      <line nr="53" mi="0" ci="2" mb="0" cb="0" />
      <line nr="54" mi="0" ci="1" mb="0" cb="0" />
      <line nr="55" mi="0" ci="3" mb="0" cb="0" />
      <counter type="INSTRUCTION" missed="0" covered="16" />
      <counter type="LINE" missed="0" covered="9" />
      <counter type="METHOD" missed="0" covered="1" />
      <counter type="CLASS" missed="0" covered="1" />
    </sourcefile>
    <sourcefile name="Public/Emoji/New-MMEmoji.ps1">
      <line nr="25" mi="0" ci="1" mb="0" cb="0" />
      <line nr="26" mi="1" ci="0" mb="0" cb="0" />
      <line nr="29" mi="0" ci="2" mb="0" cb="0" />
      <line nr="30" mi="1" ci="0" mb="0" cb="0" />
      <line nr="33" mi="0" ci="3" mb="0" cb="0" />
      <line nr="35" mi="0" ci="2" mb="0" cb="0" />
      <line nr="36" mi="0" ci="1" mb="0" cb="0" />
      <line nr="37" mi="0" ci="1" mb="0" cb="0" />
      <line nr="39" mi="0" ci="4" mb="0" cb="0" />
      <line nr="41" mi="0" ci="1" mb="0" cb="0" />
      <line nr="43" mi="0" ci="2" mb="0" cb="0" />
      <line nr="45" mi="0" ci="1" mb="0" cb="0" />
      <line nr="47" mi="0" ci="1" mb="0" cb="0" />
      <line nr="48" mi="0" ci="1" mb="0" cb="0" />
      <line nr="49" mi="0" ci="1" mb="0" cb="0" />
      <line nr="50" mi="0" ci="1" mb="0" cb="0" />
      <line nr="52" mi="0" ci="1" mb="0" cb="0" />
      <line nr="54" mi="0" ci="1" mb="0" cb="0" />
      <line nr="55" mi="1" ci="0" mb="0" cb="0" />
      <line nr="56" mi="2" ci="0" mb="0" cb="0" />
      <line nr="59" mi="0" ci="3" mb="0" cb="0" />
      <line nr="62" mi="0" ci="1" mb="0" cb="0" />
      <line nr="66" mi="0" ci="1" mb="0" cb="0" />
      <counter type="INSTRUCTION" missed="5" covered="29" />
      <counter type="LINE" missed="4" covered="19" />
      <counter type="METHOD" missed="0" covered="1" />
      <counter type="CLASS" missed="0" covered="1" />
    </sourcefile>
    <sourcefile name="Public/Emoji/Remove-MMEmoji.ps1">
      <line nr="20" mi="0" ci="1" mb="0" cb="0" />
      <line nr="21" mi="0" ci="2" mb="0" cb="0" />
      <counter type="INSTRUCTION" missed="0" covered="3" />
      <counter type="LINE" missed="0" covered="2" />
      <counter type="METHOD" missed="0" covered="1" />
      <counter type="CLASS" missed="0" covered="1" />
    </sourcefile>
    <sourcefile name="Public/Emoji/Save-MMEmojiImage.ps1">
      <line nr="27" mi="0" ci="1" mb="0" cb="0" />
      <line nr="28" mi="1" ci="0" mb="0" cb="0" />
      <line nr="31" mi="0" ci="2" mb="0" cb="0" />
      <line nr="32" mi="0" ci="3" mb="0" cb="0" />
      <line nr="35" mi="0" ci="1" mb="0" cb="0" />
      <line nr="37" mi="0" ci="1" mb="0" cb="0" />
      <line nr="38" mi="0" ci="2" mb="0" cb="0" />
      <line nr="42" mi="0" ci="1" mb="0" cb="0" />
      <line nr="43" mi="0" ci="1" mb="0" cb="0" />
      <line nr="44" mi="1" ci="0" mb="0" cb="0" />
      <line nr="45" mi="0" ci="1" mb="0" cb="0" />
      <line nr="46" mi="1" ci="0" mb="0" cb="0" />
      <line nr="47" mi="1" ci="0" mb="0" cb="0" />
      <line nr="51" mi="0" ci="3" mb="0" cb="0" />
      <line nr="53" mi="0" ci="2" mb="0" cb="0" />
      <line nr="54" mi="0" ci="1" mb="0" cb="0" />
      <line nr="55" mi="0" ci="1" mb="0" cb="0" />
      <line nr="56" mi="0" ci="1" mb="0" cb="0" />
      <line nr="58" mi="0" ci="2" mb="0" cb="0" />
      <line nr="61" mi="0" ci="1" mb="0" cb="0" />
      <line nr="62" mi="0" ci="1" mb="0" cb="0" />
      <counter type="INSTRUCTION" missed="4" covered="25" />
      <counter type="LINE" missed="4" covered="17" />
      <counter type="METHOD" missed="0" covered="1" />
      <counter type="CLASS" missed="0" covered="1" />
    </sourcefile>
    <counter type="INSTRUCTION" missed="9" covered="86" />
    <counter type="LINE" missed="8" covered="54" />
    <counter type="METHOD" missed="0" covered="5" />
    <counter type="CLASS" missed="0" covered="5" />
  </package>
  <package name="module/Public/Files">
    <class name="module/Public/Files/Get-MMFileLink" sourcefilename="Public/Files/Get-MMFileLink.ps1">
      <method name="Get-MMFileLink" desc="()" line="21">
        <counter type="INSTRUCTION" missed="1" covered="1" />
        <counter type="LINE" missed="1" covered="1" />
        <counter type="METHOD" missed="0" covered="1" />
      </method>
      <counter type="INSTRUCTION" missed="1" covered="1" />
      <counter type="LINE" missed="1" covered="1" />
      <counter type="METHOD" missed="0" covered="1" />
      <counter type="CLASS" missed="0" covered="1" />
    </class>
    <class name="module/Public/Files/Get-MMFileMetadata" sourcefilename="Public/Files/Get-MMFileMetadata.ps1">
      <method name="Get-MMFileMetadata" desc="()" line="22">
        <counter type="INSTRUCTION" missed="0" covered="2" />
        <counter type="LINE" missed="0" covered="1" />
        <counter type="METHOD" missed="0" covered="1" />
      </method>
      <counter type="INSTRUCTION" missed="0" covered="2" />
      <counter type="LINE" missed="0" covered="1" />
      <counter type="METHOD" missed="0" covered="1" />
      <counter type="CLASS" missed="0" covered="1" />
    </class>
    <class name="module/Public/Files/Save-MMFile" sourcefilename="Public/Files/Save-MMFile.ps1">
      <method name="Save-MMFile" desc="()" line="24">
        <counter type="INSTRUCTION" missed="4" covered="14" />
        <counter type="LINE" missed="3" covered="11" />
        <counter type="METHOD" missed="0" covered="1" />
      </method>
      <counter type="INSTRUCTION" missed="4" covered="14" />
      <counter type="LINE" missed="3" covered="11" />
      <counter type="METHOD" missed="0" covered="1" />
      <counter type="CLASS" missed="0" covered="1" />
    </class>
    <class name="module/Public/Files/Send-MMFile" sourcefilename="Public/Files/Send-MMFile.ps1">
      <method name="Send-MMFile" desc="()" line="32">
        <counter type="INSTRUCTION" missed="0" covered="6" />
        <counter type="LINE" missed="0" covered="4" />
        <counter type="METHOD" missed="0" covered="1" />
      </method>
      <counter type="INSTRUCTION" missed="0" covered="6" />
      <counter type="LINE" missed="0" covered="4" />
      <counter type="METHOD" missed="0" covered="1" />
      <counter type="CLASS" missed="0" covered="1" />
    </class>
    <sourcefile name="Public/Files/Get-MMFileLink.ps1">
      <line nr="21" mi="0" ci="1" mb="0" cb="0" />
      <line nr="22" mi="1" ci="0" mb="0" cb="0" />
      <counter type="INSTRUCTION" missed="1" covered="1" />
      <counter type="LINE" missed="1" covered="1" />
      <counter type="METHOD" missed="0" covered="1" />
      <counter type="CLASS" missed="0" covered="1" />
    </sourcefile>
    <sourcefile name="Public/Files/Get-MMFileMetadata.ps1">
      <line nr="22" mi="0" ci="2" mb="0" cb="0" />
      <counter type="INSTRUCTION" missed="0" covered="2" />
      <counter type="LINE" missed="0" covered="1" />
      <counter type="METHOD" missed="0" covered="1" />
      <counter type="CLASS" missed="0" covered="1" />
    </sourcefile>
    <sourcefile name="Public/Files/Save-MMFile.ps1">
      <line nr="24" mi="0" ci="1" mb="0" cb="0" />
      <line nr="28" mi="0" ci="1" mb="0" cb="0" />
      <line nr="29" mi="1" ci="0" mb="0" cb="0" />
      <line nr="33" mi="0" ci="1" mb="0" cb="0" />
      <line nr="34" mi="0" ci="1" mb="0" cb="0" />
      <line nr="35" mi="0" ci="1" mb="0" cb="0" />
      <line nr="38" mi="0" ci="1" mb="0" cb="0" />
      <line nr="40" mi="0" ci="2" mb="0" cb="0" />
      <line nr="41" mi="0" ci="3" mb="0" cb="0" />
      <line nr="44" mi="0" ci="1" mb="0" cb="0" />
      <line nr="45" mi="0" ci="1" mb="0" cb="0" />
      <line nr="46" mi="0" ci="1" mb="0" cb="0" />
      <line nr="49" mi="1" ci="0" mb="0" cb="0" />
      <line nr="50" mi="2" ci="0" mb="0" cb="0" />
      <counter type="INSTRUCTION" missed="4" covered="14" />
      <counter type="LINE" missed="3" covered="11" />
      <counter type="METHOD" missed="0" covered="1" />
      <counter type="CLASS" missed="0" covered="1" />
    </sourcefile>
    <sourcefile name="Public/Files/Send-MMFile.ps1">
      <line nr="32" mi="0" ci="1" mb="0" cb="0" />
      <line nr="33" mi="0" ci="2" mb="0" cb="0" />
      <line nr="35" mi="0" ci="1" mb="0" cb="0" />
      <line nr="38" mi="0" ci="2" mb="0" cb="0" />
      <counter type="INSTRUCTION" missed="0" covered="6" />
      <counter type="LINE" missed="0" covered="4" />
      <counter type="METHOD" missed="0" covered="1" />
      <counter type="CLASS" missed="0" covered="1" />
    </sourcefile>
    <counter type="INSTRUCTION" missed="5" covered="23" />
    <counter type="LINE" missed="4" covered="17" />
    <counter type="METHOD" missed="0" covered="4" />
    <counter type="CLASS" missed="0" covered="4" />
  </package>
  <package name="module/Public/Posts">
    <class name="module/Public/Posts/Add-MMPostPin" sourcefilename="Public/Posts/Add-MMPostPin.ps1">
      <method name="Add-MMPostPin" desc="()" line="20">
        <counter type="INSTRUCTION" missed="0" covered="1" />
        <counter type="LINE" missed="0" covered="1" />
        <counter type="METHOD" missed="0" covered="1" />
      </method>
      <counter type="INSTRUCTION" missed="0" covered="1" />
      <counter type="LINE" missed="0" covered="1" />
      <counter type="METHOD" missed="0" covered="1" />
      <counter type="CLASS" missed="0" covered="1" />
    </class>
    <class name="module/Public/Posts/Get-MMChannelPosts" sourcefilename="Public/Posts/Get-MMChannelPosts.ps1">
      <method name="Get-MMChannelPosts" desc="()" line="43">
        <counter type="INSTRUCTION" missed="0" covered="14" />
        <counter type="LINE" missed="0" covered="10" />
        <counter type="METHOD" missed="0" covered="1" />
      </method>
      <counter type="INSTRUCTION" missed="0" covered="14" />
      <counter type="LINE" missed="0" covered="10" />
      <counter type="METHOD" missed="0" covered="1" />
      <counter type="CLASS" missed="0" covered="1" />
    </class>
    <class name="module/Public/Posts/Get-MMMessage" sourcefilename="Public/Posts/Get-MMMessage.ps1">
      <method name="Get-MMMessage" desc="()" line="75">
        <counter type="INSTRUCTION" missed="0" covered="53" />
        <counter type="LINE" missed="0" covered="26" />
        <counter type="METHOD" missed="0" covered="1" />
      </method>
      <counter type="INSTRUCTION" missed="0" covered="53" />
      <counter type="LINE" missed="0" covered="26" />
      <counter type="METHOD" missed="0" covered="1" />
      <counter type="CLASS" missed="0" covered="1" />
    </class>
    <class name="module/Public/Posts/Get-MMPost" sourcefilename="Public/Posts/Get-MMPost.ps1">
      <method name="Get-MMPost" desc="()" line="24">
        <counter type="INSTRUCTION" missed="0" covered="5" />
        <counter type="LINE" missed="0" covered="4" />
        <counter type="METHOD" missed="0" covered="1" />
      </method>
      <counter type="INSTRUCTION" missed="0" covered="5" />
      <counter type="LINE" missed="0" covered="4" />
      <counter type="METHOD" missed="0" covered="1" />
      <counter type="CLASS" missed="0" covered="1" />
    </class>
    <class name="module/Public/Posts/Get-MMPostThread" sourcefilename="Public/Posts/Get-MMPostThread.ps1">
      <method name="Get-MMPostThread" desc="()" line="21">
        <counter type="INSTRUCTION" missed="0" covered="5" />
        <counter type="LINE" missed="0" covered="4" />
        <counter type="METHOD" missed="0" covered="1" />
      </method>
      <counter type="INSTRUCTION" missed="0" covered="5" />
      <counter type="LINE" missed="0" covered="4" />
      <counter type="METHOD" missed="0" covered="1" />
      <counter type="CLASS" missed="0" covered="1" />
    </class>
    <class name="module/Public/Posts/New-MMPost" sourcefilename="Public/Posts/New-MMPost.ps1">
      <method name="New-MMPost" desc="()" line="44">
        <counter type="INSTRUCTION" missed="0" covered="17" />
        <counter type="LINE" missed="0" covered="11" />
        <counter type="METHOD" missed="0" covered="1" />
      </method>
      <counter type="INSTRUCTION" missed="0" covered="17" />
      <counter type="LINE" missed="0" covered="11" />
      <counter type="METHOD" missed="0" covered="1" />
      <counter type="CLASS" missed="0" covered="1" />
    </class>
    <class name="module/Public/Posts/Remove-MMPost" sourcefilename="Public/Posts/Remove-MMPost.ps1">
      <method name="Remove-MMPost" desc="()" line="20">
        <counter type="INSTRUCTION" missed="0" covered="2" />
        <counter type="LINE" missed="0" covered="2" />
        <counter type="METHOD" missed="0" covered="1" />
      </method>
      <counter type="INSTRUCTION" missed="0" covered="2" />
      <counter type="LINE" missed="0" covered="2" />
      <counter type="METHOD" missed="0" covered="1" />
      <counter type="CLASS" missed="0" covered="1" />
    </class>
    <class name="module/Public/Posts/Remove-MMPostPin" sourcefilename="Public/Posts/Remove-MMPostPin.ps1">
      <method name="Remove-MMPostPin" desc="()" line="20">
        <counter type="INSTRUCTION" missed="0" covered="1" />
        <counter type="LINE" missed="0" covered="1" />
        <counter type="METHOD" missed="0" covered="1" />
      </method>
      <counter type="INSTRUCTION" missed="0" covered="1" />
      <counter type="LINE" missed="0" covered="1" />
      <counter type="METHOD" missed="0" covered="1" />
      <counter type="CLASS" missed="0" covered="1" />
    </class>
    <class name="module/Public/Posts/Send-MMMessage" sourcefilename="Public/Posts/Send-MMMessage.ps1">
      <method name="Send-MMMessage" desc="()" line="54">
        <counter type="INSTRUCTION" missed="0" covered="23" />
        <counter type="LINE" missed="0" covered="12" />
        <counter type="METHOD" missed="0" covered="1" />
      </method>
      <counter type="INSTRUCTION" missed="0" covered="23" />
      <counter type="LINE" missed="0" covered="12" />
      <counter type="METHOD" missed="0" covered="1" />
      <counter type="CLASS" missed="0" covered="1" />
    </class>
    <class name="module/Public/Posts/Set-MMPost" sourcefilename="Public/Posts/Set-MMPost.ps1">
      <method name="Set-MMPost" desc="()" line="24">
        <counter type="INSTRUCTION" missed="0" covered="3" />
        <counter type="LINE" missed="0" covered="2" />
        <counter type="METHOD" missed="0" covered="1" />
      </method>
      <counter type="INSTRUCTION" missed="0" covered="3" />
      <counter type="LINE" missed="0" covered="2" />
      <counter type="METHOD" missed="0" covered="1" />
      <counter type="CLASS" missed="0" covered="1" />
    </class>
    <sourcefile name="Public/Posts/Add-MMPostPin.ps1">
      <line nr="20" mi="0" ci="1" mb="0" cb="0" />
      <counter type="INSTRUCTION" missed="0" covered="1" />
      <counter type="LINE" missed="0" covered="1" />
      <counter type="METHOD" missed="0" covered="1" />
      <counter type="CLASS" missed="0" covered="1" />
    </sourcefile>
    <sourcefile name="Public/Posts/Get-MMChannelPosts.ps1">
      <line nr="43" mi="0" ci="1" mb="0" cb="0" />
      <line nr="44" mi="0" ci="2" mb="0" cb="0" />
      <line nr="46" mi="0" ci="1" mb="0" cb="0" />
      <line nr="49" mi="0" ci="1" mb="0" cb="0" />
      <line nr="50" mi="0" ci="2" mb="0" cb="0" />
      <line nr="51" mi="0" ci="2" mb="0" cb="0" />
      <line nr="53" mi="0" ci="1" mb="0" cb="0" />
      <line nr="55" mi="0" ci="1" mb="0" cb="0" />
      <line nr="56" mi="0" ci="1" mb="0" cb="0" />
      <line nr="57" mi="0" ci="2" mb="0" cb="0" />
      <counter type="INSTRUCTION" missed="0" covered="14" />
      <counter type="LINE" missed="0" covered="10" />
      <counter type="METHOD" missed="0" covered="1" />
      <counter type="CLASS" missed="0" covered="1" />
    </sourcefile>
    <sourcefile name="Public/Posts/Get-MMMessage.ps1">
      <line nr="75" mi="0" ci="1" mb="0" cb="0" />
      <line nr="78" mi="0" ci="1" mb="0" cb="0" />
      <line nr="82" mi="0" ci="1" mb="0" cb="0" />
      <line nr="86" mi="0" ci="1" mb="0" cb="0" />
      <line nr="87" mi="0" ci="2" mb="0" cb="0" />
      <line nr="88" mi="0" ci="4" mb="0" cb="0" />
      <line nr="89" mi="0" ci="2" mb="0" cb="0" />
      <line nr="90" mi="0" ci="2" mb="0" cb="0" />
      <line nr="91" mi="0" ci="1" mb="0" cb="0" />
      <line nr="95" mi="0" ci="2" mb="0" cb="0" />
      <line nr="96" mi="0" ci="4" mb="0" cb="0" />
      <line nr="97" mi="0" ci="2" mb="0" cb="0" />
      <line nr="98" mi="0" ci="2" mb="0" cb="0" />
      <line nr="99" mi="0" ci="1" mb="0" cb="0" />
      <line nr="103" mi="0" ci="1" mb="0" cb="0" />
      <line nr="104" mi="0" ci="4" mb="0" cb="0" />
      <line nr="105" mi="0" ci="2" mb="0" cb="0" />
      <line nr="106" mi="0" ci="4" mb="0" cb="0" />
      <line nr="107" mi="0" ci="2" mb="0" cb="0" />
      <line nr="108" mi="0" ci="2" mb="0" cb="0" />
      <line nr="109" mi="0" ci="1" mb="0" cb="0" />
      <line nr="113" mi="0" ci="2" mb="0" cb="0" />
      <line nr="114" mi="0" ci="4" mb="0" cb="0" />
      <line nr="115" mi="0" ci="2" mb="0" cb="0" />
      <line nr="116" mi="0" ci="2" mb="0" cb="0" />
      <line nr="117" mi="0" ci="1" mb="0" cb="0" />
      <counter type="INSTRUCTION" missed="0" covered="53" />
      <counter type="LINE" missed="0" covered="26" />
      <counter type="METHOD" missed="0" covered="1" />
      <counter type="CLASS" missed="0" covered="1" />
    </sourcefile>
    <sourcefile name="Public/Posts/Get-MMPost.ps1">
      <line nr="24" mi="0" ci="1" mb="0" cb="0" />
      <line nr="25" mi="0" ci="2" mb="0" cb="0" />
      <line nr="27" mi="0" ci="1" mb="0" cb="0" />
      <line nr="28" mi="0" ci="1" mb="0" cb="0" />
      <counter type="INSTRUCTION" missed="0" covered="5" />
      <counter type="LINE" missed="0" covered="4" />
      <counter type="METHOD" missed="0" covered="1" />
      <counter type="CLASS" missed="0" covered="1" />
    </sourcefile>
    <sourcefile name="Public/Posts/Get-MMPostThread.ps1">
      <line nr="21" mi="0" ci="1" mb="0" cb="0" />
      <line nr="23" mi="0" ci="1" mb="0" cb="0" />
      <line nr="24" mi="0" ci="1" mb="0" cb="0" />
      <line nr="25" mi="0" ci="2" mb="0" cb="0" />
      <counter type="INSTRUCTION" missed="0" covered="5" />
      <counter type="LINE" missed="0" covered="4" />
      <counter type="METHOD" missed="0" covered="1" />
      <counter type="CLASS" missed="0" covered="1" />
    </sourcefile>
    <sourcefile name="Public/Posts/New-MMPost.ps1">
      <line nr="44" mi="0" ci="1" mb="0" cb="0" />
      <line nr="45" mi="0" ci="2" mb="0" cb="0" />
      <line nr="48" mi="0" ci="1" mb="0" cb="0" />
      <line nr="49" mi="0" ci="1" mb="0" cb="0" />
      <line nr="50" mi="0" ci="1" mb="0" cb="0" />
      <line nr="51" mi="0" ci="1" mb="0" cb="0" />
      <line nr="52" mi="0" ci="1" mb="0" cb="0" />
      <line nr="56" mi="0" ci="3" mb="0" cb="0" />
      <line nr="57" mi="0" ci="2" mb="0" cb="0" />
      <line nr="58" mi="0" ci="2" mb="0" cb="0" />
      <line nr="60" mi="0" ci="2" mb="0" cb="0" />
      <counter type="INSTRUCTION" missed="0" covered="17" />
      <counter type="LINE" missed="0" covered="11" />
      <counter type="METHOD" missed="0" covered="1" />
      <counter type="CLASS" missed="0" covered="1" />
[...]
      <line nr="89" mi="0" ci="1" mb="0" cb="0" />
      <line nr="90" mi="0" ci="1" mb="0" cb="0" />
      <line nr="94" mi="0" ci="1" mb="0" cb="0" />
      <line nr="95" mi="0" ci="1" mb="0" cb="0" />
      <line nr="96" mi="0" ci="3" mb="0" cb="0" />
      <line nr="100" mi="0" ci="3" mb="0" cb="0" />
      <line nr="102" mi="0" ci="1" mb="0" cb="0" />
      <line nr="103" mi="0" ci="3" mb="0" cb="0" />
      <line nr="104" mi="0" ci="3" mb="0" cb="0" />
      <counter type="INSTRUCTION" missed="0" covered="40" />
      <counter type="LINE" missed="0" covered="24" />
      <counter type="METHOD" missed="0" covered="2" />
      <counter type="CLASS" missed="0" covered="1" />
    </sourcefile>
    <sourcefile name="Public/Users/Get-MMUserAudit.ps1">
      <line nr="20" mi="0" ci="1" mb="0" cb="0" />
      <counter type="INSTRUCTION" missed="0" covered="1" />
      <counter type="LINE" missed="0" covered="1" />
      <counter type="METHOD" missed="0" covered="1" />
      <counter type="CLASS" missed="0" covered="1" />
    </sourcefile>
    <sourcefile name="Public/Users/Get-MMUserSession.ps1">
      <line nr="26" mi="0" ci="1" mb="0" cb="0" />
      <line nr="27" mi="0" ci="2" mb="0" cb="0" />
      <line nr="29" mi="0" ci="1" mb="0" cb="0" />
      <line nr="32" mi="0" ci="2" mb="0" cb="0" />
      <counter type="INSTRUCTION" missed="0" covered="6" />
      <counter type="LINE" missed="0" covered="4" />
      <counter type="METHOD" missed="0" covered="1" />
      <counter type="CLASS" missed="0" covered="1" />
    </sourcefile>
    <sourcefile name="Public/Users/Get-MMUserStats.ps1">
      <line nr="13" mi="0" ci="1" mb="0" cb="0" />
      <counter type="INSTRUCTION" missed="0" covered="1" />
      <counter type="LINE" missed="0" covered="1" />
      <counter type="METHOD" missed="0" covered="1" />
      <counter type="CLASS" missed="0" covered="1" />
    </sourcefile>
    <sourcefile name="Public/Users/Get-MMUserToken.ps1">
      <line nr="32" mi="0" ci="1" mb="0" cb="0" />
      <line nr="33" mi="0" ci="2" mb="0" cb="0" />
      <line nr="35" mi="0" ci="1" mb="0" cb="0" />
      <line nr="36" mi="0" ci="3" mb="0" cb="0" />
      <counter type="INSTRUCTION" missed="0" covered="7" />
      <counter type="LINE" missed="0" covered="4" />
      <counter type="METHOD" missed="0" covered="1" />
      <counter type="CLASS" missed="0" covered="1" />
    </sourcefile>
    <sourcefile name="Public/Users/New-MMUser.ps1">
      <line nr="40" mi="0" ci="1" mb="0" cb="0" />
      <line nr="41" mi="0" ci="1" mb="0" cb="0" />
      <line nr="42" mi="0" ci="1" mb="0" cb="0" />
      <line nr="43" mi="0" ci="1" mb="0" cb="0" />
      <line nr="44" mi="0" ci="1" mb="0" cb="0" />
      <line nr="47" mi="0" ci="2" mb="0" cb="0" />
      <line nr="48" mi="0" ci="2" mb="0" cb="0" />
      <line nr="49" mi="0" ci="2" mb="0" cb="0" />
      <line nr="51" mi="0" ci="2" mb="0" cb="0" />
      <counter type="INSTRUCTION" missed="0" covered="13" />
      <counter type="LINE" missed="0" covered="9" />
      <counter type="METHOD" missed="0" covered="1" />
      <counter type="CLASS" missed="0" covered="1" />
    </sourcefile>
    <sourcefile name="Public/Users/New-MMUserToken.ps1">
      <line nr="24" mi="0" ci="2" mb="0" cb="0" />
      <line nr="25" mi="0" ci="1" mb="0" cb="0" />
      <counter type="INSTRUCTION" missed="0" covered="3" />
      <counter type="LINE" missed="0" covered="2" />
      <counter type="METHOD" missed="0" covered="1" />
      <counter type="CLASS" missed="0" covered="1" />
    </sourcefile>
    <sourcefile name="Public/Users/Remove-MMUser.ps1">
      <line nr="20" mi="0" ci="1" mb="0" cb="0" />
      <line nr="21" mi="0" ci="1" mb="0" cb="0" />
      <counter type="INSTRUCTION" missed="0" covered="2" />
      <counter type="LINE" missed="0" covered="2" />
      <counter type="METHOD" missed="0" covered="1" />
      <counter type="CLASS" missed="0" covered="1" />
    </sourcefile>
    <sourcefile name="Public/Users/Revoke-MMAllUserSessions.ps1">
      <line nr="20" mi="0" ci="2" mb="0" cb="0" />
      <counter type="INSTRUCTION" missed="0" covered="2" />
      <counter type="LINE" missed="0" covered="1" />
      <counter type="METHOD" missed="0" covered="1" />
      <counter type="CLASS" missed="0" covered="1" />
    </sourcefile>
    <sourcefile name="Public/Users/Revoke-MMUserSession.ps1">
      <line nr="24" mi="0" ci="1" mb="0" cb="0" />
      <line nr="25" mi="0" ci="1" mb="0" cb="0" />
      <line nr="26" mi="0" ci="1" mb="0" cb="0" />
      <counter type="INSTRUCTION" missed="0" covered="3" />
      <counter type="LINE" missed="0" covered="3" />
      <counter type="METHOD" missed="0" covered="1" />
      <counter type="CLASS" missed="0" covered="1" />
    </sourcefile>
    <sourcefile name="Public/Users/Revoke-MMUserToken.ps1">
      <line nr="20" mi="0" ci="1" mb="0" cb="0" />
      <line nr="21" mi="0" ci="3" mb="0" cb="0" />
      <counter type="INSTRUCTION" missed="0" covered="4" />
      <counter type="LINE" missed="0" covered="2" />
      <counter type="METHOD" missed="0" covered="1" />
      <counter type="CLASS" missed="0" covered="1" />
    </sourcefile>
    <sourcefile name="Public/Users/Set-MMUser.ps1">
      <line nr="39" mi="0" ci="1" mb="0" cb="0" />
      <line nr="40" mi="0" ci="1" mb="0" cb="0" />
      <line nr="41" mi="0" ci="1" mb="0" cb="0" />
      <line nr="42" mi="0" ci="1" mb="0" cb="0" />
      <line nr="43" mi="0" ci="1" mb="0" cb="0" />
      <line nr="44" mi="0" ci="1" mb="0" cb="0" />
      <line nr="45" mi="0" ci="1" mb="0" cb="0" />
      <line nr="46" mi="0" ci="1" mb="0" cb="0" />
      <line nr="47" mi="0" ci="1" mb="0" cb="0" />
      <line nr="48" mi="0" ci="1" mb="0" cb="0" />
      <line nr="49" mi="0" ci="1" mb="0" cb="0" />
      <line nr="52" mi="0" ci="1" mb="0" cb="0" />
      <line nr="53" mi="0" ci="1" mb="0" cb="0" />
      <line nr="54" mi="0" ci="1" mb="0" cb="0" />
      <line nr="55" mi="0" ci="1" mb="0" cb="0" />
      <line nr="58" mi="0" ci="1" mb="0" cb="0" />
      <line nr="59" mi="0" ci="2" mb="0" cb="0" />
      <line nr="62" mi="0" ci="2" mb="0" cb="0" />
      <counter type="INSTRUCTION" missed="0" covered="20" />
      <counter type="LINE" missed="0" covered="18" />
      <counter type="METHOD" missed="0" covered="1" />
      <counter type="CLASS" missed="0" covered="1" />
    </sourcefile>
    <sourcefile name="Public/Users/Set-MMUserPassword.ps1">
      <line nr="26" mi="0" ci="1" mb="0" cb="0" />
      <line nr="27" mi="0" ci="1" mb="0" cb="0" />
      <line nr="30" mi="0" ci="1" mb="0" cb="0" />
      <line nr="31" mi="0" ci="1" mb="0" cb="0" />
      <line nr="34" mi="0" ci="1" mb="0" cb="0" />
      <counter type="INSTRUCTION" missed="0" covered="5" />
      <counter type="LINE" missed="0" covered="5" />
      <counter type="METHOD" missed="0" covered="1" />
      <counter type="CLASS" missed="0" covered="1" />
    </sourcefile>
    <sourcefile name="Public/Users/Set-MMUserRole.ps1">
      <line nr="23" mi="0" ci="2" mb="0" cb="0" />
      <counter type="INSTRUCTION" missed="0" covered="2" />
      <counter type="LINE" missed="0" covered="1" />
      <counter type="METHOD" missed="0" covered="1" />
      <counter type="CLASS" missed="0" covered="1" />
    </sourcefile>
    <counter type="INSTRUCTION" missed="0" covered="119" />
    <counter type="LINE" missed="0" covered="81" />
    <counter type="METHOD" missed="0" covered="19" />
    <counter type="CLASS" missed="0" covered="18" />
  </package>
  <package name="module/Public/Webhooks">
    <class name="module/Public/Webhooks/Get-MMIncomingWebhook" sourcefilename="Public/Webhooks/Get-MMIncomingWebhook.ps1">
      <method name="Get-MMIncomingWebhook" desc="()" line="44">
        <counter type="INSTRUCTION" missed="0" covered="15" />
        <counter type="LINE" missed="0" covered="10" />
        <counter type="METHOD" missed="0" covered="1" />
      </method>
      <counter type="INSTRUCTION" missed="0" covered="15" />
      <counter type="LINE" missed="0" covered="10" />
      <counter type="METHOD" missed="0" covered="1" />
      <counter type="CLASS" missed="0" covered="1" />
    </class>
    <class name="module/Public/Webhooks/Get-MMOutgoingWebhook" sourcefilename="Public/Webhooks/Get-MMOutgoingWebhook.ps1">
      <method name="Get-MMOutgoingWebhook" desc="()" line="49">
        <counter type="INSTRUCTION" missed="0" covered="17" />
        <counter type="LINE" missed="0" covered="11" />
        <counter type="METHOD" missed="0" covered="1" />
      </method>
      <counter type="INSTRUCTION" missed="0" covered="17" />
      <counter type="LINE" missed="0" covered="11" />
      <counter type="METHOD" missed="0" covered="1" />
      <counter type="CLASS" missed="0" covered="1" />
    </class>
    <class name="module/Public/Webhooks/New-MMIncomingWebhook" sourcefilename="Public/Webhooks/New-MMIncomingWebhook.ps1">
      <method name="New-MMIncomingWebhook" desc="()" line="44">
        <counter type="INSTRUCTION" missed="0" covered="18" />
        <counter type="LINE" missed="0" covered="12" />
        <counter type="METHOD" missed="0" covered="1" />
      </method>
      <counter type="INSTRUCTION" missed="0" covered="18" />
      <counter type="LINE" missed="0" covered="12" />
      <counter type="METHOD" missed="0" covered="1" />
      <counter type="CLASS" missed="0" covered="1" />
    </class>
    <class name="module/Public/Webhooks/New-MMOutgoingWebhook" sourcefilename="Public/Webhooks/New-MMOutgoingWebhook.ps1">
      <method name="New-MMOutgoingWebhook" desc="()" line="52">
        <counter type="INSTRUCTION" missed="0" covered="18" />
        <counter type="LINE" missed="0" covered="14" />
        <counter type="METHOD" missed="0" covered="1" />
      </method>
      <counter type="INSTRUCTION" missed="0" covered="18" />
      <counter type="LINE" missed="0" covered="14" />
      <counter type="METHOD" missed="0" covered="1" />
      <counter type="CLASS" missed="0" covered="1" />
    </class>
    <class name="module/Public/Webhooks/Remove-MMIncomingWebhook" sourcefilename="Public/Webhooks/Remove-MMIncomingWebhook.ps1">
      <method name="Remove-MMIncomingWebhook" desc="()" line="20">
        <counter type="INSTRUCTION" missed="0" covered="3" />
        <counter type="LINE" missed="0" covered="2" />
        <counter type="METHOD" missed="0" covered="1" />
      </method>
      <counter type="INSTRUCTION" missed="0" covered="3" />
      <counter type="LINE" missed="0" covered="2" />
      <counter type="METHOD" missed="0" covered="1" />
      <counter type="CLASS" missed="0" covered="1" />
    </class>
    <class name="module/Public/Webhooks/Remove-MMOutgoingWebhook" sourcefilename="Public/Webhooks/Remove-MMOutgoingWebhook.ps1">
      <method name="Remove-MMOutgoingWebhook" desc="()" line="20">
        <counter type="INSTRUCTION" missed="0" covered="3" />
        <counter type="LINE" missed="0" covered="2" />
        <counter type="METHOD" missed="0" covered="1" />
      </method>
      <counter type="INSTRUCTION" missed="0" covered="3" />
      <counter type="LINE" missed="0" covered="2" />
      <counter type="METHOD" missed="0" covered="1" />
      <counter type="CLASS" missed="0" covered="1" />
    </class>
    <class name="module/Public/Webhooks/Reset-MMOutgoingWebhookToken" sourcefilename="Public/Webhooks/Reset-MMOutgoingWebhookToken.ps1">
      <method name="Reset-MMOutgoingWebhookToken" desc="()" line="20">
        <counter type="INSTRUCTION" missed="0" covered="3" />
        <counter type="LINE" missed="0" covered="2" />
        <counter type="METHOD" missed="0" covered="1" />
      </method>
      <counter type="INSTRUCTION" missed="0" covered="3" />
      <counter type="LINE" missed="0" covered="2" />
      <counter type="METHOD" missed="0" covered="1" />
      <counter type="CLASS" missed="0" covered="1" />
    </class>
    <class name="module/Public/Webhooks/Set-MMIncomingWebhook" sourcefilename="Public/Webhooks/Set-MMIncomingWebhook.ps1">
      <method name="Set-MMIncomingWebhook" desc="()" line="40">
        <counter type="INSTRUCTION" missed="0" covered="15" />
        <counter type="LINE" missed="0" covered="10" />
        <counter type="METHOD" missed="0" covered="1" />
      </method>
      <counter type="INSTRUCTION" missed="0" covered="15" />
      <counter type="LINE" missed="0" covered="10" />
      <counter type="METHOD" missed="0" covered="1" />
      <counter type="CLASS" missed="0" covered="1" />
    </class>
    <class name="module/Public/Webhooks/Set-MMOutgoingWebhook" sourcefilename="Public/Webhooks/Set-MMOutgoingWebhook.ps1">
      <method name="Set-MMOutgoingWebhook" desc="()" line="36">
        <counter type="INSTRUCTION" missed="0" covered="12" />
        <counter type="LINE" missed="0" covered="8" />
        <counter type="METHOD" missed="0" covered="1" />
      </method>
      <counter type="INSTRUCTION" missed="0" covered="12" />
      <counter type="LINE" missed="0" covered="8" />
      <counter type="METHOD" missed="0" covered="1" />
      <counter type="CLASS" missed="0" covered="1" />
    </class>
    <sourcefile name="Public/Webhooks/Get-MMIncomingWebhook.ps1">
      <line nr="44" mi="0" ci="1" mb="0" cb="0" />
      <line nr="45" mi="0" ci="2" mb="0" cb="0" />
      <line nr="49" mi="0" ci="1" mb="0" cb="0" />
      <line nr="50" mi="0" ci="2" mb="0" cb="0" />
      <line nr="51" mi="0" ci="1" mb="0" cb="0" />
      <line nr="52" mi="0" ci="1" mb="0" cb="0" />
      <line nr="55" mi="0" ci="1" mb="0" cb="0" />
      <line nr="56" mi="0" ci="2" mb="0" cb="0" />
      <line nr="58" mi="0" ci="1" mb="0" cb="0" />
      <line nr="59" mi="0" ci="3" mb="0" cb="0" />
      <counter type="INSTRUCTION" missed="0" covered="15" />
      <counter type="LINE" missed="0" covered="10" />
      <counter type="METHOD" missed="0" covered="1" />
      <counter type="CLASS" missed="0" covered="1" />
    </sourcefile>
    <sourcefile name="Public/Webhooks/Get-MMOutgoingWebhook.ps1">
      <line nr="49" mi="0" ci="1" mb="0" cb="0" />
      <line nr="50" mi="0" ci="2" mb="0" cb="0" />
      <line nr="54" mi="0" ci="1" mb="0" cb="0" />
      <line nr="55" mi="0" ci="2" mb="0" cb="0" />
      <line nr="56" mi="0" ci="1" mb="0" cb="0" />
      <line nr="57" mi="0" ci="1" mb="0" cb="0" />
      <line nr="60" mi="0" ci="1" mb="0" cb="0" />
      <line nr="61" mi="0" ci="2" mb="0" cb="0" />
      <line nr="62" mi="0" ci="2" mb="0" cb="0" />
      <line nr="64" mi="0" ci="1" mb="0" cb="0" />
      <line nr="65" mi="0" ci="3" mb="0" cb="0" />
      <counter type="INSTRUCTION" missed="0" covered="17" />
      <counter type="LINE" missed="0" covered="11" />
      <counter type="METHOD" missed="0" covered="1" />
      <counter type="CLASS" missed="0" covered="1" />
    </sourcefile>
    <sourcefile name="Public/Webhooks/New-MMIncomingWebhook.ps1">
      <line nr="44" mi="0" ci="1" mb="0" cb="0" />
      <line nr="45" mi="0" ci="2" mb="0" cb="0" />
      <line nr="46" mi="0" ci="1" mb="0" cb="0" />
      <line nr="47" mi="0" ci="1" mb="0" cb="0" />
      <line nr="50" mi="0" ci="1" mb="0" cb="0" />
      <line nr="51" mi="0" ci="1" mb="0" cb="0" />
      <line nr="52" mi="0" ci="1" mb="0" cb="0" />
      <line nr="54" mi="0" ci="2" mb="0" cb="0" />
      <line nr="55" mi="0" ci="2" mb="0" cb="0" />
      <line nr="56" mi="0" ci="2" mb="0" cb="0" />
      <line nr="57" mi="0" ci="2" mb="0" cb="0" />
      <line nr="59" mi="0" ci="2" mb="0" cb="0" />
      <counter type="INSTRUCTION" missed="0" covered="18" />
      <counter type="LINE" missed="0" covered="12" />
      <counter type="METHOD" missed="0" covered="1" />
      <counter type="CLASS" missed="0" covered="1" />
    </sourcefile>
    <sourcefile name="Public/Webhooks/New-MMOutgoingWebhook.ps1">
      <line nr="52" mi="0" ci="1" mb="0" cb="0" />
      <line nr="53" mi="0" ci="2" mb="0" cb="0" />
      <line nr="54" mi="0" ci="1" mb="0" cb="0" />
      <line nr="55" mi="0" ci="1" mb="0" cb="0" />
      <line nr="58" mi="0" ci="1" mb="0" cb="0" />
      <line nr="59" mi="0" ci="1" mb="0" cb="0" />
      <line nr="60" mi="0" ci="1" mb="0" cb="0" />
      <line nr="61" mi="0" ci="1" mb="0" cb="0" />
      <line nr="62" mi="0" ci="1" mb="0" cb="0" />
      <line nr="63" mi="0" ci="1" mb="0" cb="0" />
      <line nr="64" mi="0" ci="1" mb="0" cb="0" />
      <line nr="66" mi="0" ci="2" mb="0" cb="0" />
      <line nr="67" mi="0" ci="2" mb="0" cb="0" />
      <line nr="69" mi="0" ci="2" mb="0" cb="0" />
      <counter type="INSTRUCTION" missed="0" covered="18" />
      <counter type="LINE" missed="0" covered="14" />
      <counter type="METHOD" missed="0" covered="1" />
      <counter type="CLASS" missed="0" covered="1" />
    </sourcefile>
    <sourcefile name="Public/Webhooks/Remove-MMIncomingWebhook.ps1">
      <line nr="20" mi="0" ci="1" mb="0" cb="0" />
      <line nr="21" mi="0" ci="2" mb="0" cb="0" />
      <counter type="INSTRUCTION" missed="0" covered="3" />
      <counter type="LINE" missed="0" covered="2" />
      <counter type="METHOD" missed="0" covered="1" />
      <counter type="CLASS" missed="0" covered="1" />
    </sourcefile>
    <sourcefile name="Public/Webhooks/Remove-MMOutgoingWebhook.ps1">
      <line nr="20" mi="0" ci="1" mb="0" cb="0" />
      <line nr="21" mi="0" ci="2" mb="0" cb="0" />
      <counter type="INSTRUCTION" missed="0" covered="3" />
      <counter type="LINE" missed="0" covered="2" />
      <counter type="METHOD" missed="0" covered="1" />
      <counter type="CLASS" missed="0" covered="1" />
    </sourcefile>
    <sourcefile name="Public/Webhooks/Reset-MMOutgoingWebhookToken.ps1">
      <line nr="20" mi="0" ci="1" mb="0" cb="0" />
      <line nr="21" mi="0" ci="2" mb="0" cb="0" />
      <counter type="INSTRUCTION" missed="0" covered="3" />
      <counter type="LINE" missed="0" covered="2" />
      <counter type="METHOD" missed="0" covered="1" />
      <counter type="CLASS" missed="0" covered="1" />
    </sourcefile>
    <sourcefile name="Public/Webhooks/Set-MMIncomingWebhook.ps1">
      <line nr="40" mi="0" ci="1" mb="0" cb="0" />
      <line nr="41" mi="0" ci="1" mb="0" cb="0" />
      <line nr="42" mi="0" ci="1" mb="0" cb="0" />
      <line nr="43" mi="0" ci="1" mb="0" cb="0" />
      <line nr="44" mi="0" ci="3" mb="0" cb="0" />
      <line nr="46" mi="0" ci="2" mb="0" cb="0" />
      <line nr="47" mi="0" ci="2" mb="0" cb="0" />
      <line nr="48" mi="0" ci="1" mb="0" cb="0" />
      <line nr="49" mi="0" ci="1" mb="0" cb="0" />
      <line nr="52" mi="0" ci="2" mb="0" cb="0" />
      <counter type="INSTRUCTION" missed="0" covered="15" />
      <counter type="LINE" missed="0" covered="10" />
      <counter type="METHOD" missed="0" covered="1" />
      <counter type="CLASS" missed="0" covered="1" />
    </sourcefile>
    <sourcefile name="Public/Webhooks/Set-MMOutgoingWebhook.ps1">
      <line nr="36" mi="0" ci="1" mb="0" cb="0" />
      <line nr="37" mi="0" ci="1" mb="0" cb="0" />
      <line nr="38" mi="0" ci="1" mb="0" cb="0" />
      <line nr="39" mi="0" ci="1" mb="0" cb="0" />
      <line nr="41" mi="0" ci="2" mb="0" cb="0" />
      <line nr="42" mi="0" ci="2" mb="0" cb="0" />
      <line nr="43" mi="0" ci="2" mb="0" cb="0" />
      <line nr="45" mi="0" ci="2" mb="0" cb="0" />
      <counter type="INSTRUCTION" missed="0" covered="12" />
      <counter type="LINE" missed="0" covered="8" />
      <counter type="METHOD" missed="0" covered="1" />
      <counter type="CLASS" missed="0" covered="1" />
    </sourcefile>
    <counter type="INSTRUCTION" missed="0" covered="104" />
    <counter type="LINE" missed="0" covered="71" />
    <counter type="METHOD" missed="0" covered="9" />
    <counter type="CLASS" missed="0" covered="9" />
  </package>
  <counter type="INSTRUCTION" missed="29" covered="1004" />
  <counter type="LINE" missed="21" covered="710" />
  <counter type="METHOD" missed="0" covered="106" />
  <counter type="CLASS" missed="0" covered="105" />
</report>
