<?xml version="1.0" encoding="UTF-8" standalone="no"?>
<!DOCTYPE report PUBLIC "-//JACOCO//DTD Report 1.1//EN" "report.dtd"[]>
<report name="Pester (03/14/2026 12:33:23)">
  <sessioninfo id="this" start="1773491551140" dump="1773491603214" />
  <package name="module">
    <class name="module/MatterMostV4" sourcefilename="MatterMostV4.psm1">
      <method name="&lt;script&gt;" desc="()" line="1">
        <counter type="INSTRUCTION" missed="2" covered="9" />
        <counter type="LINE" missed="1" covered="7" />
        <counter type="METHOD" missed="0" covered="1" />
      </method>
      <counter type="INSTRUCTION" missed="2" covered="9" />
      <counter type="LINE" missed="1" covered="7" />
      <counter type="METHOD" missed="0" covered="1" />
      <counter type="CLASS" missed="0" covered="1" />
    </class>
    <sourcefile name="MatterMostV4.psm1">
      <line nr="1" mi="0" ci="1" mb="0" cb="0" />
      <line nr="2" mi="0" ci="1" mb="0" cb="0" />
      <line nr="4" mi="0" ci="2" mb="0" cb="0" />
      <line nr="5" mi="0" ci="1" mb="0" cb="0" />
      <line nr="6" mi="0" ci="1" mb="0" cb="0" />
      <line nr="7" mi="0" ci="2" mb="0" cb="0" />
      <line nr="9" mi="0" ci="1" mb="0" cb="0" />
      <line nr="12" mi="2" ci="0" mb="0" cb="0" />
      <counter type="INSTRUCTION" missed="2" covered="9" />
      <counter type="LINE" missed="1" covered="7" />
      <counter type="METHOD" missed="0" covered="1" />
      <counter type="CLASS" missed="0" covered="1" />
    </sourcefile>
    <counter type="INSTRUCTION" missed="2" covered="9" />
    <counter type="LINE" missed="1" covered="7" />
    <counter type="METHOD" missed="0" covered="1" />
    <counter type="CLASS" missed="0" covered="1" />
  </package>
  <package name="module/Private">
    <class name="module/Private/Add-MMTypeName" sourcefilename="Private/Add-MMTypeName.ps1">
      <method name="Add-MMTypeName" desc="()" line="18">
        <counter type="INSTRUCTION" missed="0" covered="2" />
        <counter type="LINE" missed="0" covered="2" />
        <counter type="METHOD" missed="0" covered="1" />
      </method>
      <counter type="INSTRUCTION" missed="0" covered="2" />
      <counter type="LINE" missed="0" covered="2" />
      <counter type="METHOD" missed="0" covered="1" />
      <counter type="CLASS" missed="0" covered="1" />
    </class>
    <class name="module/Private/Get-MMDefaultTeamId" sourcefilename="Private/Get-MMDefaultTeamId.ps1">
      <method name="Get-MMDefaultTeamId" desc="()" line="8">
        <counter type="INSTRUCTION" missed="1" covered="4" />
        <counter type="LINE" missed="1" covered="4" />
        <counter type="METHOD" missed="0" covered="1" />
      </method>
      <counter type="INSTRUCTION" missed="1" covered="4" />
      <counter type="LINE" missed="1" covered="4" />
      <counter type="METHOD" missed="0" covered="1" />
      <counter type="CLASS" missed="0" covered="1" />
    </class>
    <class name="module/Private/Get-MMErrorMessage" sourcefilename="Private/Get-MMErrorMessage.ps1">
      <method name="Get-MMErrorMessage" desc="()" line="13">
        <counter type="INSTRUCTION" missed="0" covered="7" />
        <counter type="LINE" missed="0" covered="5" />
        <counter type="METHOD" missed="0" covered="1" />
      </method>
      <counter type="INSTRUCTION" missed="0" covered="7" />
      <counter type="LINE" missed="0" covered="5" />
      <counter type="METHOD" missed="0" covered="1" />
      <counter type="CLASS" missed="0" covered="1" />
    </class>
    <class name="module/Private/Invoke-MMRequest" sourcefilename="Private/Invoke-MMRequest.ps1">
      <method name="Invoke-MMRequest" desc="()" line="20">
        <counter type="INSTRUCTION" missed="1" covered="23" />
        <counter type="LINE" missed="1" covered="16" />
        <counter type="METHOD" missed="0" covered="1" />
      </method>
      <counter type="INSTRUCTION" missed="1" covered="23" />
      <counter type="LINE" missed="1" covered="16" />
      <counter type="METHOD" missed="0" covered="1" />
      <counter type="CLASS" missed="0" covered="1" />
    </class>
    <sourcefile name="Private/Add-MMTypeName.ps1">
      <line nr="18" mi="0" ci="1" mb="0" cb="0" />
      <line nr="19" mi="0" ci="1" mb="0" cb="0" />
      <counter type="INSTRUCTION" missed="0" covered="2" />
      <counter type="LINE" missed="0" covered="2" />
      <counter type="METHOD" missed="0" covered="1" />
      <counter type="CLASS" missed="0" covered="1" />
    </sourcefile>
    <sourcefile name="Private/Get-MMDefaultTeamId.ps1">
      <line nr="8" mi="0" ci="1" mb="0" cb="0" />
      <line nr="9" mi="1" ci="0" mb="0" cb="0" />
      <line nr="11" mi="0" ci="1" mb="0" cb="0" />
      <line nr="12" mi="0" ci="1" mb="0" cb="0" />
      <line nr="14" mi="0" ci="1" mb="0" cb="0" />
      <counter type="INSTRUCTION" missed="1" covered="4" />
      <counter type="LINE" missed="1" covered="4" />
      <counter type="METHOD" missed="0" covered="1" />
      <counter type="CLASS" missed="0" covered="1" />
    </sourcefile>
    <sourcefile name="Private/Get-MMErrorMessage.ps1">
      <line nr="13" mi="0" ci="1" mb="0" cb="0" />
      <line nr="14" mi="0" ci="1" mb="0" cb="0" />
      <line nr="16" mi="0" ci="2" mb="0" cb="0" />
      <line nr="17" mi="0" ci="2" mb="0" cb="0" />
      <line nr="22" mi="0" ci="1" mb="0" cb="0" />
      <counter type="INSTRUCTION" missed="0" covered="7" />
      <counter type="LINE" missed="0" covered="5" />
      <counter type="METHOD" missed="0" covered="1" />
      <counter type="CLASS" missed="0" covered="1" />
    </sourcefile>
    <sourcefile name="Private/Invoke-MMRequest.ps1">
      <line nr="20" mi="0" ci="1" mb="0" cb="0" />
      <line nr="21" mi="0" ci="1" mb="0" cb="0" />
      <line nr="24" mi="0" ci="1" mb="0" cb="0" />
      <line nr="25" mi="0" ci="1" mb="0" cb="0" />
      <line nr="26" mi="0" ci="2" mb="0" cb="0" />
      <line nr="29" mi="0" ci="1" mb="0" cb="0" />
      <line nr="30" mi="1" ci="0" mb="0" cb="0" />
      <line nr="33" mi="0" ci="1" mb="0" cb="0" />
      <line nr="34" mi="0" ci="2" mb="0" cb="0" />
      <line nr="35" mi="0" ci="1" mb="0" cb="0" />
      <line nr="36" mi="0" ci="1" mb="0" cb="0" />
      <line nr="39" mi="0" ci="1" mb="0" cb="0" />
      <line nr="40" mi="0" ci="3" mb="0" cb="0" />
      <line nr="44" mi="0" ci="1" mb="0" cb="0" />
      <line nr="46" mi="0" ci="3" mb="0" cb="0" />
      <line nr="49" mi="0" ci="1" mb="0" cb="0" />
      <line nr="50" mi="0" ci="2" mb="0" cb="0" />
      <counter type="INSTRUCTION" missed="1" covered="23" />
      <counter type="LINE" missed="1" covered="16" />
      <counter type="METHOD" missed="0" covered="1" />
      <counter type="CLASS" missed="0" covered="1" />
    </sourcefile>
    <counter type="INSTRUCTION" missed="2" covered="36" />
    <counter type="LINE" missed="2" covered="27" />
    <counter type="METHOD" missed="0" covered="4" />
    <counter type="CLASS" missed="0" covered="4" />
  </package>
  <package name="module/Private/Teams">
    <class name="module/Private/Teams/Get-MMTeamList" sourcefilename="Private/Teams/Get-MMTeamList.ps1">
      <method name="Get-MMTeamList" desc="()" line="8">
        <counter type="INSTRUCTION" missed="0" covered="5" />
        <counter type="LINE" missed="0" covered="5" />
        <counter type="METHOD" missed="0" covered="1" />
      </method>
      <counter type="INSTRUCTION" missed="0" covered="5" />
      <counter type="LINE" missed="0" covered="5" />
      <counter type="METHOD" missed="0" covered="1" />
      <counter type="CLASS" missed="0" covered="1" />
    </class>
    <sourcefile name="Private/Teams/Get-MMTeamList.ps1">
      <line nr="8" mi="0" ci="1" mb="0" cb="0" />
      <line nr="9" mi="0" ci="1" mb="0" cb="0" />
      <line nr="12" mi="0" ci="1" mb="0" cb="0" />
      <line nr="13" mi="0" ci="1" mb="0" cb="0" />
      <line nr="14" mi="0" ci="1" mb="0" cb="0" />
      <counter type="INSTRUCTION" missed="0" covered="5" />
      <counter type="LINE" missed="0" covered="5" />
      <counter type="METHOD" missed="0" covered="1" />
      <counter type="CLASS" missed="0" covered="1" />
    </sourcefile>
    <counter type="INSTRUCTION" missed="0" covered="5" />
    <counter type="LINE" missed="0" covered="5" />
    <counter type="METHOD" missed="0" covered="1" />
    <counter type="CLASS" missed="0" covered="1" />
  </package>
  <package name="module/Private/Users">
    <class name="module/Private/Users/Get-MMUserList" sourcefilename="Private/Users/Get-MMUserList.ps1">
      <method name="Get-MMUserList" desc="()" line="8">
        <counter type="INSTRUCTION" missed="0" covered="5" />
        <counter type="LINE" missed="0" covered="5" />
        <counter type="METHOD" missed="0" covered="1" />
      </method>
      <counter type="INSTRUCTION" missed="0" covered="5" />
      <counter type="LINE" missed="0" covered="5" />
      <counter type="METHOD" missed="0" covered="1" />
      <counter type="CLASS" missed="0" covered="1" />
    </class>
    <sourcefile name="Private/Users/Get-MMUserList.ps1">
      <line nr="8" mi="0" ci="1" mb="0" cb="0" />
      <line nr="9" mi="0" ci="1" mb="0" cb="0" />
      <line nr="12" mi="0" ci="1" mb="0" cb="0" />
      <line nr="13" mi="0" ci="1" mb="0" cb="0" />
      <line nr="14" mi="0" ci="1" mb="0" cb="0" />
      <counter type="INSTRUCTION" missed="0" covered="5" />
      <counter type="LINE" missed="0" covered="5" />
      <counter type="METHOD" missed="0" covered="1" />
      <counter type="CLASS" missed="0" covered="1" />
    </sourcefile>
    <counter type="INSTRUCTION" missed="0" covered="5" />
    <counter type="LINE" missed="0" covered="5" />
    <counter type="METHOD" missed="0" covered="1" />
    <counter type="CLASS" missed="0" covered="1" />
  </package>
  <package name="module/Public/Channels">
    <class name="module/Public/Channels/Add-MMUserToChannel" sourcefilename="Public/Channels/Add-MMUserToChannel.ps1">
      <method name="Add-MMUserToChannel" desc="()" line="23">
        <counter type="INSTRUCTION" missed="0" covered="2" />
        <counter type="LINE" missed="0" covered="1" />
        <counter type="METHOD" missed="0" covered="1" />
      </method>
      <counter type="INSTRUCTION" missed="0" covered="2" />
      <counter type="LINE" missed="0" covered="1" />
      <counter type="METHOD" missed="0" covered="1" />
      <counter type="CLASS" missed="0" covered="1" />
    </class>
    <class name="module/Public/Channels/Get-MMChannel" sourcefilename="Public/Channels/Get-MMChannel.ps1">
      <method name="Get-MMChannel" desc="()" line="34">
        <counter type="INSTRUCTION" missed="0" covered="23" />
        <counter type="LINE" missed="0" covered="15" />
        <counter type="METHOD" missed="0" covered="1" />
      </method>
      <counter type="INSTRUCTION" missed="0" covered="23" />
      <counter type="LINE" missed="0" covered="15" />
      <counter type="METHOD" missed="0" covered="1" />
      <counter type="CLASS" missed="0" covered="1" />
    </class>
    <class name="module/Public/Channels/Get-MMUserChannels" sourcefilename="Public/Channels/Get-MMUserChannels.ps1">
      <method name="Get-MMUserChannels" desc="()" line="23">
        <counter type="INSTRUCTION" missed="0" covered="2" />
        <counter type="LINE" missed="0" covered="1" />
        <counter type="METHOD" missed="0" covered="1" />
      </method>
      <counter type="INSTRUCTION" missed="0" covered="2" />
      <counter type="LINE" missed="0" covered="1" />
      <counter type="METHOD" missed="0" covered="1" />
      <counter type="CLASS" missed="0" covered="1" />
    </class>
    <class name="module/Public/Channels/New-MMChannel" sourcefilename="Public/Channels/New-MMChannel.ps1">
      <method name="New-MMChannel" desc="()" line="30">
        <counter type="INSTRUCTION" missed="0" covered="16" />
        <counter type="LINE" missed="0" covered="9" />
        <counter type="METHOD" missed="0" covered="1" />
      </method>
      <counter type="INSTRUCTION" missed="0" covered="16" />
      <counter type="LINE" missed="0" covered="9" />
      <counter type="METHOD" missed="0" covered="1" />
      <counter type="CLASS" missed="0" covered="1" />
    </class>
    <class name="module/Public/Channels/Remove-MMChannel" sourcefilename="Public/Channels/Remove-MMChannel.ps1">
      <method name="Remove-MMChannel" desc="()" line="20">
        <counter type="INSTRUCTION" missed="0" covered="2" />
        <counter type="LINE" missed="0" covered="2" />
        <counter type="METHOD" missed="0" covered="1" />
      </method>
      <counter type="INSTRUCTION" missed="0" covered="2" />
      <counter type="LINE" missed="0" covered="2" />
      <counter type="METHOD" missed="0" covered="1" />
      <counter type="CLASS" missed="0" covered="1" />
    </class>
    <class name="module/Public/Channels/Remove-MMUserFromChannel" sourcefilename="Public/Channels/Remove-MMUserFromChannel.ps1">
      <method name="Remove-MMUserFromChannel" desc="()" line="23">
        <counter type="INSTRUCTION" missed="0" covered="3" />
        <counter type="LINE" missed="0" covered="2" />
        <counter type="METHOD" missed="0" covered="1" />
      </method>
      <counter type="INSTRUCTION" missed="0" covered="3" />
      <counter type="LINE" missed="0" covered="2" />
      <counter type="METHOD" missed="0" covered="1" />
      <counter type="CLASS" missed="0" covered="1" />
    </class>
    <class name="module/Public/Channels/Set-MMChannel" sourcefilename="Public/Channels/Set-MMChannel.ps1">
      <method name="Set-MMChannel" desc="()" line="35">
        <counter type="INSTRUCTION" missed="0" covered="17" />
        <counter type="LINE" missed="0" covered="15" />
        <counter type="METHOD" missed="0" covered="1" />
      </method>
      <counter type="INSTRUCTION" missed="0" covered="17" />
      <counter type="LINE" missed="0" covered="15" />
      <counter type="METHOD" missed="0" covered="1" />
      <counter type="CLASS" missed="0" covered="1" />
    </class>
    <sourcefile name="Public/Channels/Add-MMUserToChannel.ps1">
      <line nr="23" mi="0" ci="2" mb="0" cb="0" />
      <counter type="INSTRUCTION" missed="0" covered="2" />
      <counter type="LINE" missed="0" covered="1" />
      <counter type="METHOD" missed="0" covered="1" />
      <counter type="CLASS" missed="0" covered="1" />
    </sourcefile>
    <sourcefile name="Public/Channels/Get-MMChannel.ps1">
      <line nr="34" mi="0" ci="1" mb="0" cb="0" />
      <line nr="36" mi="0" ci="1" mb="0" cb="0" />
      <line nr="37" mi="0" ci="1" mb="0" cb="0" />
      <line nr="39" mi="0" ci="1" mb="0" cb="0" />
      <line nr="40" mi="0" ci="2" mb="0" cb="0" />
      <line nr="41" mi="0" ci="1" mb="0" cb="0" />
      <line nr="44" mi="0" ci="2" mb="0" cb="0" />
      <line nr="46" mi="0" ci="3" mb="0" cb="0" />
      <line nr="47" mi="0" ci="2" mb="0" cb="0" />
      <line nr="50" mi="0" ci="3" mb="0" cb="0" />
      <line nr="51" mi="0" ci="1" mb="0" cb="0" />
      <line nr="52" mi="0" ci="1" mb="0" cb="0" />
      <line nr="54" mi="0" ci="1" mb="0" cb="0" />
      <line nr="55" mi="0" ci="2" mb="0" cb="0" />
      <line nr="56" mi="0" ci="1" mb="0" cb="0" />
      <counter type="INSTRUCTION" missed="0" covered="23" />
      <counter type="LINE" missed="0" covered="15" />
      <counter type="METHOD" missed="0" covered="1" />
      <counter type="CLASS" missed="0" covered="1" />
    </sourcefile>
    <sourcefile name="Public/Channels/Get-MMUserChannels.ps1">
      <line nr="23" mi="0" ci="2" mb="0" cb="0" />
      <counter type="INSTRUCTION" missed="0" covered="2" />
      <counter type="LINE" missed="0" covered="1" />
      <counter type="METHOD" missed="0" covered="1" />
      <counter type="CLASS" missed="0" covered="1" />
    </sourcefile>
    <sourcefile name="Public/Channels/New-MMChannel.ps1">
      <line nr="30" mi="0" ci="3" mb="0" cb="0" />
      <line nr="32" mi="0" ci="1" mb="0" cb="0" />
      <line nr="33" mi="0" ci="1" mb="0" cb="0" />
      <line nr="34" mi="0" ci="1" mb="0" cb="0" />
      <line nr="35" mi="0" ci="1" mb="0" cb="0" />
      <line nr="36" mi="0" ci="3" mb="0" cb="0" />
      <line nr="39" mi="0" ci="2" mb="0" cb="0" />
      <line nr="40" mi="0" ci="2" mb="0" cb="0" />
      <line nr="42" mi="0" ci="2" mb="0" cb="0" />
      <counter type="INSTRUCTION" missed="0" covered="16" />
      <counter type="LINE" missed="0" covered="9" />
      <counter type="METHOD" missed="0" covered="1" />
      <counter type="CLASS" missed="0" covered="1" />
    </sourcefile>
    <sourcefile name="Public/Channels/Remove-MMChannel.ps1">
      <line nr="20" mi="0" ci="1" mb="0" cb="0" />
      <line nr="21" mi="0" ci="1" mb="0" cb="0" />
      <counter type="INSTRUCTION" missed="0" covered="2" />
      <counter type="LINE" missed="0" covered="2" />
      <counter type="METHOD" missed="0" covered="1" />
      <counter type="CLASS" missed="0" covered="1" />
    </sourcefile>
    <sourcefile name="Public/Channels/Remove-MMUserFromChannel.ps1">
      <line nr="23" mi="0" ci="1" mb="0" cb="0" />
      <line nr="24" mi="0" ci="2" mb="0" cb="0" />
      <counter type="INSTRUCTION" missed="0" covered="3" />
      <counter type="LINE" missed="0" covered="2" />
      <counter type="METHOD" missed="0" covered="1" />
      <counter type="CLASS" missed="0" covered="1" />
    </sourcefile>
    <sourcefile name="Public/Channels/Set-MMChannel.ps1">
      <line nr="35" mi="0" ci="1" mb="0" cb="0" />
      <line nr="36" mi="0" ci="1" mb="0" cb="0" />
      <line nr="37" mi="0" ci="1" mb="0" cb="0" />
      <line nr="38" mi="0" ci="1" mb="0" cb="0" />
      <line nr="39" mi="0" ci="1" mb="0" cb="0" />
      <line nr="40" mi="0" ci="1" mb="0" cb="0" />
      <line nr="41" mi="0" ci="1" mb="0" cb="0" />
      <line nr="42" mi="0" ci="1" mb="0" cb="0" />
      <line nr="45" mi="0" ci="1" mb="0" cb="0" />
      <line nr="46" mi="0" ci="1" mb="0" cb="0" />
      <line nr="47" mi="0" ci="1" mb="0" cb="0" />
      <line nr="48" mi="0" ci="1" mb="0" cb="0" />
      <line nr="51" mi="0" ci="1" mb="0" cb="0" />
      <line nr="52" mi="0" ci="2" mb="0" cb="0" />
      <line nr="55" mi="0" ci="2" mb="0" cb="0" />
      <counter type="INSTRUCTION" missed="0" covered="17" />
      <counter type="LINE" missed="0" covered="15" />
      <counter type="METHOD" missed="0" covered="1" />
      <counter type="CLASS" missed="0" covered="1" />
    </sourcefile>
    <counter type="INSTRUCTION" missed="0" covered="65" />
    <counter type="LINE" missed="0" covered="45" />
    <counter type="METHOD" missed="0" covered="7" />
    <counter type="CLASS" missed="0" covered="7" />
  </package>
  <package name="module/Public/Connections">
    <class name="module/Public/Connections/Connect-MMServer" sourcefilename="Public/Connections/Connect-MMServer.ps1">
      <method name="Connect-MMServer" desc="()" line="46">
        <counter type="INSTRUCTION" missed="0" covered="52" />
        <counter type="LINE" missed="0" covered="41" />
        <counter type="METHOD" missed="0" covered="1" />
      </method>
      <counter type="INSTRUCTION" missed="0" covered="52" />
      <counter type="LINE" missed="0" covered="41" />
      <counter type="METHOD" missed="0" covered="1" />
      <counter type="CLASS" missed="0" covered="1" />
    </class>
    <class name="module/Public/Connections/Disconnect-MMServer" sourcefilename="Public/Connections/Disconnect-MMServer.ps1">
      <method name="Disconnect-MMServer" desc="()" line="13">
        <counter type="INSTRUCTION" missed="1" covered="5" />
        <counter type="LINE" missed="1" covered="5" />
        <counter type="METHOD" missed="0" covered="1" />
      </method>
      <counter type="INSTRUCTION" missed="1" covered="5" />
      <counter type="LINE" missed="1" covered="5" />
      <counter type="METHOD" missed="0" covered="1" />
      <counter type="CLASS" missed="0" covered="1" />
    </class>
    <sourcefile name="Public/Connections/Connect-MMServer.ps1">
      <line nr="46" mi="0" ci="1" mb="0" cb="0" />
      <line nr="48" mi="0" ci="2" mb="0" cb="0" />
      <line nr="50" mi="0" ci="1" mb="0" cb="0" />
      <line nr="51" mi="0" ci="1" mb="0" cb="0" />
      <line nr="52" mi="0" ci="1" mb="0" cb="0" />
      <line nr="55" mi="0" ci="1" mb="0" cb="0" />
      <line nr="56" mi="0" ci="1" mb="0" cb="0" />
      <line nr="59" mi="0" ci="4" mb="0" cb="0" />
      <line nr="62" mi="0" ci="1" mb="0" cb="0" />
      <line nr="68" mi="0" ci="1" mb="0" cb="0" />
      <line nr="69" mi="0" ci="2" mb="0" cb="0" />
      <line nr="72" mi="0" ci="1" mb="0" cb="0" />
      <line nr="73" mi="0" ci="2" mb="0" cb="0" />
      <line nr="75" mi="0" ci="2" mb="0" cb="0" />
      <line nr="77" mi="0" ci="1" mb="0" cb="0" />
      <line nr="78" mi="0" ci="1" mb="0" cb="0" />
      <line nr="79" mi="0" ci="1" mb="0" cb="0" />
      <line nr="80" mi="0" ci="1" mb="0" cb="0" />
      <line nr="81" mi="0" ci="1" mb="0" cb="0" />
      <line nr="82" mi="0" ci="1" mb="0" cb="0" />
      <line nr="88" mi="0" ci="1" mb="0" cb="0" />
      <line nr="90" mi="0" ci="1" mb="0" cb="0" />
      <line nr="93" mi="0" ci="1" mb="0" cb="0" />
      <line nr="94" mi="0" ci="2" mb="0" cb="0" />
      <line nr="97" mi="0" ci="1" mb="0" cb="0" />
      <line nr="98" mi="0" ci="1" mb="0" cb="0" />
      <line nr="99" mi="0" ci="1" mb="0" cb="0" />
      <line nr="100" mi="0" ci="1" mb="0" cb="0" />
      <line nr="101" mi="0" ci="1" mb="0" cb="0" />
      <line nr="102" mi="0" ci="1" mb="0" cb="0" />
      <line nr="106" mi="0" ci="1" mb="0" cb="0" />
      <line nr="108" mi="0" ci="1" mb="0" cb="0" />
      <line nr="109" mi="0" ci="1" mb="0" cb="0" />
      <line nr="112" mi="0" ci="2" mb="0" cb="0" />
      <line nr="116" mi="0" ci="3" mb="0" cb="0" />
      <line nr="118" mi="0" ci="1" mb="0" cb="0" />
      <line nr="119" mi="0" ci="1" mb="0" cb="0" />
      <line nr="120" mi="0" ci="1" mb="0" cb="0" />
      <line nr="121" mi="0" ci="1" mb="0" cb="0" />
      <line nr="122" mi="0" ci="1" mb="0" cb="0" />
      <line nr="123" mi="0" ci="1" mb="0" cb="0" />
      <counter type="INSTRUCTION" missed="0" covered="52" />
      <counter type="LINE" missed="0" covered="41" />
      <counter type="METHOD" missed="0" covered="1" />
      <counter type="CLASS" missed="0" covered="1" />
    </sourcefile>
    <sourcefile name="Public/Connections/Disconnect-MMServer.ps1">
      <line nr="13" mi="0" ci="1" mb="0" cb="0" />
      <line nr="14" mi="0" ci="1" mb="0" cb="0" />
      <line nr="19" mi="0" ci="1" mb="0" cb="0" />
      <line nr="22" mi="1" ci="0" mb="0" cb="0" />
      <line nr="25" mi="0" ci="1" mb="0" cb="0" />
      <line nr="26" mi="0" ci="1" mb="0" cb="0" />
      <counter type="INSTRUCTION" missed="1" covered="5" />
      <counter type="LINE" missed="1" covered="5" />
      <counter type="METHOD" missed="0" covered="1" />
      <counter type="CLASS" missed="0" covered="1" />
    </sourcefile>
    <counter type="INSTRUCTION" missed="1" covered="57" />
    <counter type="LINE" missed="1" covered="46" />
    <counter type="METHOD" missed="0" covered="2" />
    <counter type="CLASS" missed="0" covered="2" />
  </package>
  <package name="module/Public/Roles">
    <class name="module/Public/Roles/Get-MMRole" sourcefilename="Public/Roles/Get-MMRole.ps1">
      <method name="Get-MMRole" desc="()" line="35">
        <counter type="INSTRUCTION" missed="0" covered="9" />
        <counter type="LINE" missed="0" covered="5" />
        <counter type="METHOD" missed="0" covered="1" />
      </method>
      <counter type="INSTRUCTION" missed="0" covered="9" />
      <counter type="LINE" missed="0" covered="5" />
      <counter type="METHOD" missed="0" covered="1" />
      <counter type="CLASS" missed="0" covered="1" />
    </class>
    <class name="module/Public/Roles/Set-MMRole" sourcefilename="Public/Roles/Set-MMRole.ps1">
      <method name="Set-MMRole" desc="()" line="27">
        <counter type="INSTRUCTION" missed="0" covered="8" />
        <counter type="LINE" missed="0" covered="5" />
        <counter type="METHOD" missed="0" covered="1" />
      </method>
      <counter type="INSTRUCTION" missed="0" covered="8" />
      <counter type="LINE" missed="0" covered="5" />
      <counter type="METHOD" missed="0" covered="1" />
      <counter type="CLASS" missed="0" covered="1" />
    </class>
    <sourcefile name="Public/Roles/Get-MMRole.ps1">
      <line nr="35" mi="0" ci="1" mb="0" cb="0" />
      <line nr="36" mi="0" ci="2" mb="0" cb="0" />
      <line nr="37" mi="0" ci="2" mb="0" cb="0" />
      <line nr="38" mi="0" ci="2" mb="0" cb="0" />
      <line nr="39" mi="0" ci="2" mb="0" cb="0" />
      <counter type="INSTRUCTION" missed="0" covered="9" />
      <counter type="LINE" missed="0" covered="5" />
      <counter type="METHOD" missed="0" covered="1" />
      <counter type="CLASS" missed="0" covered="1" />
    </sourcefile>
    <sourcefile name="Public/Roles/Set-MMRole.ps1">
      <line nr="27" mi="0" ci="1" mb="0" cb="0" />
      <line nr="28" mi="0" ci="2" mb="0" cb="0" />
      <line nr="29" mi="0" ci="1" mb="0" cb="0" />
      <line nr="30" mi="0" ci="2" mb="0" cb="0" />
      <line nr="33" mi="0" ci="2" mb="0" cb="0" />
      <counter type="INSTRUCTION" missed="0" covered="8" />
      <counter type="LINE" missed="0" covered="5" />
      <counter type="METHOD" missed="0" covered="1" />
      <counter type="CLASS" missed="0" covered="1" />
    </sourcefile>
    <counter type="INSTRUCTION" missed="0" covered="17" />
    <counter type="LINE" missed="0" covered="10" />
    <counter type="METHOD" missed="0" covered="2" />
    <counter type="CLASS" missed="0" covered="2" />
  </package>
  <package name="module/Public/Teams">
    <class name="module/Public/Teams/Add-MMUserToTeam" sourcefilename="Public/Teams/Add-MMUserToTeam.ps1">
      <method name="Add-MMUserToTeam" desc="()" line="22">
        <counter type="INSTRUCTION" missed="0" covered="6" />
        <counter type="LINE" missed="0" covered="2" />
        <counter type="METHOD" missed="0" covered="1" />
      </method>
      <counter type="INSTRUCTION" missed="0" covered="6" />
      <counter type="LINE" missed="0" covered="2" />
      <counter type="METHOD" missed="0" covered="1" />
      <counter type="CLASS" missed="0" covered="1" />
    </class>
    <class name="module/Public/Teams/Get-MMTeam" sourcefilename="Public/Teams/Get-MMTeam.ps1">
      <method name="Get-MMTeam" desc="()" line="28">
        <counter type="INSTRUCTION" missed="0" covered="7" />
        <counter type="LINE" missed="0" covered="4" />
        <counter type="METHOD" missed="0" covered="1" />
      </method>
      <counter type="INSTRUCTION" missed="0" covered="7" />
      <counter type="LINE" missed="0" covered="4" />
      <counter type="METHOD" missed="0" covered="1" />
      <counter type="CLASS" missed="0" covered="1" />
    </class>
    <class name="module/Public/Teams/Get-MMUserTeams" sourcefilename="Public/Teams/Get-MMUserTeams.ps1">
      <method name="Get-MMUserTeams" desc="()" line="20">
        <counter type="INSTRUCTION" missed="0" covered="2" />
        <counter type="LINE" missed="0" covered="1" />
        <counter type="METHOD" missed="0" covered="1" />
      </method>
      <counter type="INSTRUCTION" missed="0" covered="2" />
      <counter type="LINE" missed="0" covered="1" />
      <counter type="METHOD" missed="0" covered="1" />
      <counter type="CLASS" missed="0" covered="1" />
    </class>
    <class name="module/Public/Teams/New-MMTeam" sourcefilename="Public/Teams/New-MMTeam.ps1">
      <method name="New-MMTeam" desc="()" line="27">
        <counter type="INSTRUCTION" missed="0" covered="10" />
        <counter type="LINE" missed="0" covered="6" />
        <counter type="METHOD" missed="0" covered="1" />
      </method>
      <counter type="INSTRUCTION" missed="0" covered="10" />
      <counter type="LINE" missed="0" covered="6" />
      <counter type="METHOD" missed="0" covered="1" />
      <counter type="CLASS" missed="0" covered="1" />
    </class>
    <class name="module/Public/Teams/Remove-MMTeam" sourcefilename="Public/Teams/Remove-MMTeam.ps1">
      <method name="Remove-MMTeam" desc="()" line="20">
        <counter type="INSTRUCTION" missed="0" covered="2" />
        <counter type="LINE" missed="0" covered="2" />
        <counter type="METHOD" missed="0" covered="1" />
      </method>
      <counter type="INSTRUCTION" missed="0" covered="2" />
      <counter type="LINE" missed="0" covered="2" />
      <counter type="METHOD" missed="0" covered="1" />
      <counter type="CLASS" missed="0" covered="1" />
    </class>
    <class name="module/Public/Teams/Remove-MMUserFromTeam" sourcefilename="Public/Teams/Remove-MMUserFromTeam.ps1">
      <method name="Remove-MMUserFromTeam" desc="()" line="22">
        <counter type="INSTRUCTION" missed="0" covered="5" />
        <counter type="LINE" missed="0" covered="3" />
        <counter type="METHOD" missed="0" covered="1" />
      </method>
      <counter type="INSTRUCTION" missed="0" covered="5" />
      <counter type="LINE" missed="0" covered="3" />
      <counter type="METHOD" missed="0" covered="1" />
      <counter type="CLASS" missed="0" covered="1" />
    </class>
    <class name="module/Public/Teams/Set-MMTeam" sourcefilename="Public/Teams/Set-MMTeam.ps1">
      <method name="Set-MMTeam" desc="()" line="33">
        <counter type="INSTRUCTION" missed="0" covered="15" />
        <counter type="LINE" missed="0" covered="13" />
        <counter type="METHOD" missed="0" covered="1" />
      </method>
      <counter type="INSTRUCTION" missed="0" covered="15" />
      <counter type="LINE" missed="0" covered="13" />
      <counter type="METHOD" missed="0" covered="1" />
      <counter type="CLASS" missed="0" covered="1" />
    </class>
    <sourcefile name="Public/Teams/Add-MMUserToTeam.ps1">
      <line nr="22" mi="0" ci="3" mb="0" cb="0" />
      <line nr="23" mi="0" ci="3" mb="0" cb="0" />
      <counter type="INSTRUCTION" missed="0" covered="6" />
      <counter type="LINE" missed="0" covered="2" />
      <counter type="METHOD" missed="0" covered="1" />
      <counter type="CLASS" missed="0" covered="1" />
    </sourcefile>
    <sourcefile name="Public/Teams/Get-MMTeam.ps1">
      <line nr="28" mi="0" ci="1" mb="0" cb="0" />
      <line nr="29" mi="0" ci="2" mb="0" cb="0" />
      <line nr="30" mi="0" ci="2" mb="0" cb="0" />
      <line nr="31" mi="0" ci="2" mb="0" cb="0" />
      <counter type="INSTRUCTION" missed="0" covered="7" />
      <counter type="LINE" missed="0" covered="4" />
      <counter type="METHOD" missed="0" covered="1" />
      <counter type="CLASS" missed="0" covered="1" />
    </sourcefile>
    <sourcefile name="Public/Teams/Get-MMUserTeams.ps1">
      <line nr="20" mi="0" ci="2" mb="0" cb="0" />
      <counter type="INSTRUCTION" missed="0" covered="2" />
      <counter type="LINE" missed="0" covered="1" />
      <counter type="METHOD" missed="0" covered="1" />
      <counter type="CLASS" missed="0" covered="1" />
    </sourcefile>
    <sourcefile name="Public/Teams/New-MMTeam.ps1">
      <line nr="27" mi="0" ci="1" mb="0" cb="0" />
      <line nr="28" mi="0" ci="1" mb="0" cb="0" />
      <line nr="29" mi="0" ci="1" mb="0" cb="0" />
      <line nr="30" mi="0" ci="3" mb="0" cb="0" />
      <line nr="33" mi="0" ci="2" mb="0" cb="0" />
      <line nr="35" mi="0" ci="2" mb="0" cb="0" />
      <counter type="INSTRUCTION" missed="0" covered="10" />
      <counter type="LINE" missed="0" covered="6" />
      <counter type="METHOD" missed="0" covered="1" />
      <counter type="CLASS" missed="0" covered="1" />
    </sourcefile>
    <sourcefile name="Public/Teams/Remove-MMTeam.ps1">
      <line nr="20" mi="0" ci="1" mb="0" cb="0" />
      <line nr="21" mi="0" ci="1" mb="0" cb="0" />
      <counter type="INSTRUCTION" missed="0" covered="2" />
      <counter type="LINE" missed="0" covered="2" />
      <counter type="METHOD" missed="0" covered="1" />
      <counter type="CLASS" missed="0" covered="1" />
    </sourcefile>
    <sourcefile name="Public/Teams/Remove-MMUserFromTeam.ps1">
      <line nr="22" mi="0" ci="3" mb="0" cb="0" />
      <line nr="23" mi="0" ci="1" mb="0" cb="0" />
      <line nr="24" mi="0" ci="1" mb="0" cb="0" />
      <counter type="INSTRUCTION" missed="0" covered="5" />
      <counter type="LINE" missed="0" covered="3" />
      <counter type="METHOD" missed="0" covered="1" />
      <counter type="CLASS" missed="0" covered="1" />
    </sourcefile>
    <sourcefile name="Public/Teams/Set-MMTeam.ps1">
      <line nr="33" mi="0" ci="1" mb="0" cb="0" />
      <line nr="34" mi="0" ci="1" mb="0" cb="0" />
      <line nr="35" mi="0" ci="1" mb="0" cb="0" />
      <line nr="36" mi="0" ci="1" mb="0" cb="0" />
      <line nr="37" mi="0" ci="1" mb="0" cb="0" />
      <line nr="38" mi="0" ci="1" mb="0" cb="0" />
      <line nr="41" mi="0" ci="1" mb="0" cb="0" />
      <line nr="42" mi="0" ci="1" mb="0" cb="0" />
      <line nr="43" mi="0" ci="1" mb="0" cb="0" />
      <line nr="44" mi="0" ci="1" mb="0" cb="0" />
      <line nr="47" mi="0" ci="1" mb="0" cb="0" />
      <line nr="48" mi="0" ci="2" mb="0" cb="0" />
      <line nr="51" mi="0" ci="2" mb="0" cb="0" />
      <counter type="INSTRUCTION" missed="0" covered="15" />
      <counter type="LINE" missed="0" covered="13" />
      <counter type="METHOD" missed="0" covered="1" />
      <counter type="CLASS" missed="0" covered="1" />
    </sourcefile>
    <counter type="INSTRUCTION" missed="0" covered="47" />
    <counter type="LINE" missed="0" covered="31" />
    <counter type="METHOD" missed="0" covered="7" />
    <counter type="CLASS" missed="0" covered="7" />
  </package>
  <package name="module/Public/Users">
    <class name="module/Public/Users/ConvertFrom-MMGuestUser" sourcefilename="Public/Users/ConvertFrom-MMGuestUser.ps1">
      <method name="ConvertFrom-MMGuestUser" desc="()" line="20">
        <counter type="INSTRUCTION" missed="0" covered="2" />
        <counter type="LINE" missed="0" covered="1" />
        <counter type="METHOD" missed="0" covered="1" />
      </method>
      <counter type="INSTRUCTION" missed="0" covered="2" />
      <counter type="LINE" missed="0" covered="1" />
      <counter type="METHOD" missed="0" covered="1" />
      <counter type="CLASS" missed="0" covered="1" />
    </class>
    <class name="module/Public/Users/ConvertTo-MMGuestUser" sourcefilename="Public/Users/ConvertTo-MMGuestUser.ps1">
      <method name="ConvertTo-MMGuestUser" desc="()" line="20">
        <counter type="INSTRUCTION" missed="0" covered="2" />
        <counter type="LINE" missed="0" covered="1" />
        <counter type="METHOD" missed="0" covered="1" />
      </method>
      <counter type="INSTRUCTION" missed="0" covered="2" />
      <counter type="LINE" missed="0" covered="1" />
      <counter type="METHOD" missed="0" covered="1" />
      <counter type="CLASS" missed="0" covered="1" />
    </class>
    <class name="module/Public/Users/Disable-MMUser" sourcefilename="Public/Users/Disable-MMUser.ps1">
      <method name="Disable-MMUser" desc="()" line="20">
        <counter type="INSTRUCTION" missed="0" covered="3" />
        <counter type="LINE" missed="0" covered="1" />
        <counter type="METHOD" missed="0" covered="1" />
      </method>
      <counter type="INSTRUCTION" missed="0" covered="3" />
      <counter type="LINE" missed="0" covered="1" />
      <counter type="METHOD" missed="0" covered="1" />
      <counter type="CLASS" missed="0" covered="1" />
    </class>
    <class name="module/Public/Users/Enable-MMUser" sourcefilename="Public/Users/Enable-MMUser.ps1">
      <method name="Enable-MMUser" desc="()" line="20">
        <counter type="INSTRUCTION" missed="0" covered="3" />
        <counter type="LINE" missed="0" covered="1" />
        <counter type="METHOD" missed="0" covered="1" />
      </method>
      <counter type="INSTRUCTION" missed="0" covered="3" />
      <counter type="LINE" missed="0" covered="1" />
      <counter type="METHOD" missed="0" covered="1" />
      <counter type="CLASS" missed="0" covered="1" />
    </class>
    <class name="module/Public/Users/Get-MMUser" sourcefilename="Public/Users/Get-MMUser.ps1">
      <method name="Get-MMUser" desc="()" line="47">
        <counter type="INSTRUCTION" missed="0" covered="14" />
        <counter type="LINE" missed="0" covered="8" />
        <counter type="METHOD" missed="0" covered="1" />
      </method>
      <method name="Invoke-MMUserFilter" desc="()" line="66">
        <counter type="INSTRUCTION" missed="0" covered="23" />
        <counter type="LINE" missed="0" covered="15" />
        <counter type="METHOD" missed="0" covered="1" />
      </method>
      <counter type="INSTRUCTION" missed="0" covered="37" />
      <counter type="LINE" missed="0" covered="23" />
      <counter type="METHOD" missed="0" covered="2" />
      <counter type="CLASS" missed="0" covered="1" />
    </class>
    <class name="module/Public/Users/Get-MMUserAudit" sourcefilename="Public/Users/Get-MMUserAudit.ps1">
      <method name="Get-MMUserAudit" desc="()" line="20">
        <counter type="INSTRUCTION" missed="0" covered="1" />
        <counter type="LINE" missed="0" covered="1" />
        <counter type="METHOD" missed="0" covered="1" />
      </method>
      <counter type="INSTRUCTION" missed="0" covered="1" />
      <counter type="LINE" missed="0" covered="1" />
      <counter type="METHOD" missed="0" covered="1" />
      <counter type="CLASS" missed="0" covered="1" />
    </class>
    <class name="module/Public/Users/New-MMUser" sourcefilename="Public/Users/New-MMUser.ps1">
      <method name="New-MMUser" desc="()" line="39">
        <counter type="INSTRUCTION" missed="0" covered="13" />
        <counter type="LINE" missed="0" covered="9" />
        <counter type="METHOD" missed="0" covered="1" />
      </method>
      <counter type="INSTRUCTION" missed="0" covered="13" />
      <counter type="LINE" missed="0" covered="9" />
      <counter type="METHOD" missed="0" covered="1" />
      <counter type="CLASS" missed="0" covered="1" />
    </class>
    <class name="module/Public/Users/Remove-MMUser" sourcefilename="Public/Users/Remove-MMUser.ps1">
      <method name="Remove-MMUser" desc="()" line="20">
        <counter type="INSTRUCTION" missed="0" covered="2" />
        <counter type="LINE" missed="0" covered="2" />
        <counter type="METHOD" missed="0" covered="1" />
      </method>
      <counter type="INSTRUCTION" missed="0" covered="2" />
      <counter type="LINE" missed="0" covered="2" />
      <counter type="METHOD" missed="0" covered="1" />
      <counter type="CLASS" missed="0" covered="1" />
    </class>
    <class name="module/Public/Users/Set-MMUser" sourcefilename="Public/Users/Set-MMUser.ps1">
      <method name="Set-MMUser" desc="()" line="38">
        <counter type="INSTRUCTION" missed="0" covered="20" />
        <counter type="LINE" missed="0" covered="18" />
        <counter type="METHOD" missed="0" covered="1" />
      </method>
      <counter type="INSTRUCTION" missed="0" covered="20" />
      <counter type="LINE" missed="0" covered="18" />
      <counter type="METHOD" missed="0" covered="1" />
      <counter type="CLASS" missed="0" covered="1" />
    </class>
    <class name="module/Public/Users/Set-MMUserPassword" sourcefilename="Public/Users/Set-MMUserPassword.ps1">
      <method name="Set-MMUserPassword" desc="()" line="26">
        <counter type="INSTRUCTION" missed="0" covered="5" />
        <counter type="LINE" missed="0" covered="5" />
        <counter type="METHOD" missed="0" covered="1" />
      </method>
      <counter type="INSTRUCTION" missed="0" covered="5" />
      <counter type="LINE" missed="0" covered="5" />
      <counter type="METHOD" missed="0" covered="1" />
      <counter type="CLASS" missed="0" covered="1" />
    </class>
    <class name="module/Public/Users/Set-MMUserRole" sourcefilename="Public/Users/Set-MMUserRole.ps1">
      <method name="Set-MMUserRole" desc="()" line="23">
        <counter type="INSTRUCTION" missed="0" covered="2" />
        <counter type="LINE" missed="0" covered="1" />
        <counter type="METHOD" missed="0" covered="1" />
      </method>
      <counter type="INSTRUCTION" missed="0" covered="2" />
      <counter type="LINE" missed="0" covered="1" />
      <counter type="METHOD" missed="0" covered="1" />
      <counter type="CLASS" missed="0" covered="1" />
    </class>
    <sourcefile name="Public/Users/ConvertFrom-MMGuestUser.ps1">
      <line nr="20" mi="0" ci="2" mb="0" cb="0" />
      <counter type="INSTRUCTION" missed="0" covered="2" />
      <counter type="LINE" missed="0" covered="1" />
      <counter type="METHOD" missed="0" covered="1" />
      <counter type="CLASS" missed="0" covered="1" />
    </sourcefile>
    <sourcefile name="Public/Users/ConvertTo-MMGuestUser.ps1">
      <line nr="20" mi="0" ci="2" mb="0" cb="0" />
      <counter type="INSTRUCTION" missed="0" covered="2" />
      <counter type="LINE" missed="0" covered="1" />
      <counter type="METHOD" missed="0" covered="1" />
      <counter type="CLASS" missed="0" covered="1" />
    </sourcefile>
    <sourcefile name="Public/Users/Disable-MMUser.ps1">
      <line nr="20" mi="0" ci="3" mb="0" cb="0" />
      <counter type="INSTRUCTION" missed="0" covered="3" />
      <counter type="LINE" missed="0" covered="1" />
      <counter type="METHOD" missed="0" covered="1" />
      <counter type="CLASS" missed="0" covered="1" />
    </sourcefile>
    <sourcefile name="Public/Users/Enable-MMUser.ps1">
      <line nr="20" mi="0" ci="3" mb="0" cb="0" />
      <counter type="INSTRUCTION" missed="0" covered="3" />
      <counter type="LINE" missed="0" covered="1" />
      <counter type="METHOD" missed="0" covered="1" />
      <counter type="CLASS" missed="0" covered="1" />
    </sourcefile>
    <sourcefile name="Public/Users/Get-MMUser.ps1">
      <line nr="47" mi="0" ci="1" mb="0" cb="0" />
      <line nr="48" mi="0" ci="1" mb="0" cb="0" />
      <line nr="49" mi="0" ci="2" mb="0" cb="0" />
      <line nr="50" mi="0" ci="2" mb="0" cb="0" />
      <line nr="51" mi="0" ci="2" mb="0" cb="0" />
      <line nr="52" mi="0" ci="2" mb="0" cb="0" />
      <line nr="53" mi="0" ci="2" mb="0" cb="0" />
      <line nr="54" mi="0" ci="2" mb="0" cb="0" />
      <line nr="66" mi="0" ci="1" mb="0" cb="0" />
      <line nr="68" mi="0" ci="1" mb="0" cb="0" />
      <line nr="69" mi="0" ci="1" mb="0" cb="0" />
      <line nr="72" mi="0" ci="1" mb="0" cb="0" />
      <line nr="73" mi="0" ci="1" mb="0" cb="0" />
      <line nr="74" mi="0" ci="1" mb="0" cb="0" />
      <line nr="77" mi="0" ci="1" mb="0" cb="0" />
      <line nr="78" mi="0" ci="1" mb="0" cb="0" />
      <line nr="82" mi="0" ci="1" mb="0" cb="0" />
      <line nr="83" mi="0" ci="1" mb="0" cb="0" />
      <line nr="84" mi="0" ci="3" mb="0" cb="0" />
      <line nr="88" mi="0" ci="3" mb="0" cb="0" />
      <line nr="90" mi="0" ci="1" mb="0" cb="0" />
      <line nr="91" mi="0" ci="3" mb="0" cb="0" />
      <line nr="92" mi="0" ci="3" mb="0" cb="0" />
      <counter type="INSTRUCTION" missed="0" covered="37" />
      <counter type="LINE" missed="0" covered="23" />
      <counter type="METHOD" missed="0" covered="2" />
      <counter type="CLASS" missed="0" covered="1" />
    </sourcefile>
    <sourcefile name="Public/Users/Get-MMUserAudit.ps1">
      <line nr="20" mi="0" ci="1" mb="0" cb="0" />
      <counter type="INSTRUCTION" missed="0" covered="1" />
      <counter type="LINE" missed="0" covered="1" />
      <counter type="METHOD" missed="0" covered="1" />
      <counter type="CLASS" missed="0" covered="1" />
    </sourcefile>
    <sourcefile name="Public/Users/New-MMUser.ps1">
      <line nr="39" mi="0" ci="1" mb="0" cb="0" />
      <line nr="40" mi="0" ci="1" mb="0" cb="0" />
      <line nr="41" mi="0" ci="1" mb="0" cb="0" />
      <line nr="42" mi="0" ci="1" mb="0" cb="0" />
      <line nr="43" mi="0" ci="1" mb="0" cb="0" />
      <line nr="46" mi="0" ci="2" mb="0" cb="0" />
      <line nr="47" mi="0" ci="2" mb="0" cb="0" />
      <line nr="48" mi="0" ci="2" mb="0" cb="0" />
      <line nr="50" mi="0" ci="2" mb="0" cb="0" />
      <counter type="INSTRUCTION" missed="0" covered="13" />
      <counter type="LINE" missed="0" covered="9" />
      <counter type="METHOD" missed="0" covered="1" />
      <counter type="CLASS" missed="0" covered="1" />
    </sourcefile>
    <sourcefile name="Public/Users/Remove-MMUser.ps1">
      <line nr="20" mi="0" ci="1" mb="0" cb="0" />
      <line nr="21" mi="0" ci="1" mb="0" cb="0" />
      <counter type="INSTRUCTION" missed="0" covered="2" />
      <counter type="LINE" missed="0" covered="2" />
      <counter type="METHOD" missed="0" covered="1" />
      <counter type="CLASS" missed="0" covered="1" />
    </sourcefile>
    <sourcefile name="Public/Users/Set-MMUser.ps1">
      <line nr="38" mi="0" ci="1" mb="0" cb="0" />
      <line nr="39" mi="0" ci="1" mb="0" cb="0" />
      <line nr="40" mi="0" ci="1" mb="0" cb="0" />
      <line nr="41" mi="0" ci="1" mb="0" cb="0" />
      <line nr="42" mi="0" ci="1" mb="0" cb="0" />
      <line nr="43" mi="0" ci="1" mb="0" cb="0" />
      <line nr="44" mi="0" ci="1" mb="0" cb="0" />
      <line nr="45" mi="0" ci="1" mb="0" cb="0" />
      <line nr="46" mi="0" ci="1" mb="0" cb="0" />
      <line nr="47" mi="0" ci="1" mb="0" cb="0" />
      <line nr="48" mi="0" ci="1" mb="0" cb="0" />
      <line nr="51" mi="0" ci="1" mb="0" cb="0" />
      <line nr="52" mi="0" ci="1" mb="0" cb="0" />
      <line nr="53" mi="0" ci="1" mb="0" cb="0" />
      <line nr="54" mi="0" ci="1" mb="0" cb="0" />
      <line nr="57" mi="0" ci="1" mb="0" cb="0" />
      <line nr="58" mi="0" ci="2" mb="0" cb="0" />
      <line nr="61" mi="0" ci="2" mb="0" cb="0" />
      <counter type="INSTRUCTION" missed="0" covered="20" />
      <counter type="LINE" missed="0" covered="18" />
      <counter type="METHOD" missed="0" covered="1" />
      <counter type="CLASS" missed="0" covered="1" />
    </sourcefile>
    <sourcefile name="Public/Users/Set-MMUserPassword.ps1">
      <line nr="26" mi="0" ci="1" mb="0" cb="0" />
      <line nr="27" mi="0" ci="1" mb="0" cb="0" />
      <line nr="30" mi="0" ci="1" mb="0" cb="0" />
      <line nr="31" mi="0" ci="1" mb="0" cb="0" />
      <line nr="34" mi="0" ci="1" mb="0" cb="0" />
      <counter type="INSTRUCTION" missed="0" covered="5" />
      <counter type="LINE" missed="0" covered="5" />
      <counter type="METHOD" missed="0" covered="1" />
      <counter type="CLASS" missed="0" covered="1" />
    </sourcefile>
    <sourcefile name="Public/Users/Set-MMUserRole.ps1">
      <line nr="23" mi="0" ci="2" mb="0" cb="0" />
      <counter type="INSTRUCTION" missed="0" covered="2" />
      <counter type="LINE" missed="0" covered="1" />
      <counter type="METHOD" missed="0" covered="1" />
      <counter type="CLASS" missed="0" covered="1" />
    </sourcefile>
    <counter type="INSTRUCTION" missed="0" covered="90" />
    <counter type="LINE" missed="0" covered="63" />
    <counter type="METHOD" missed="0" covered="12" />
    <counter type="CLASS" missed="0" covered="11" />
  </package>
  <counter type="INSTRUCTION" missed="5" covered="331" />
  <counter type="LINE" missed="4" covered="239" />
  <counter type="METHOD" missed="0" covered="37" />
  <counter type="CLASS" missed="0" covered="36" />
</report>
